<?xml version="1.0" encoding="UTF-8"?>
<!-- Generated by org.testng.reporters.JUnitXMLReporter -->
<testsuite ignored="0" hostname="Qcentris172" failures="1" tests="5" name="PlayGroundTests Example 1" time="81.774" errors="0" timestamp="2023-08-07T11:38:27 EET">
  <testcase classname="tests.Playground01Test" name="test" time="0.297">
    <failure type="java.lang.IllegalArgumentException" message="Keys to send should be a not null CharSequence">
      <![CDATA[java.lang.IllegalArgumentException: Keys to send should be a not null CharSequence
at org.openqa.selenium.remote.RemoteWebElement.sendKeys(RemoteWebElement.java:97)
at utils.PageFunctionUtils.enterDataInWebElement(PageFunctionUtils.java:45)
at pageobjects.LoginPage.sendKeysUserNameTextfield(LoginPage.java:18)
at procedures.LoginProcedures.login(LoginProcedures.java:12)
at tests.Playground01Test.test(Playground01Test.java:25)
at java.base/java.util.concurrent.ThreadPoolExecutor.runWorker(ThreadPoolExecutor.java:1128)
at java.base/java.util.concurrent.ThreadPoolExecutor$Worker.run(ThreadPoolExecutor.java:628)
at java.base/java.lang.Thread.run(Thread.java:835)
... Removed 12 stack frames]]>
    </failure>
  </testcase> <!-- test -->
  <testcase classname="tests.Playground02Test" name="test" time="37.638"/>
  <testcase classname="tests.Playground04Test" name="test" time="37.197"/>
  <testcase classname="tests.Playground05Test" name="test" time="41.615"/>
  <testcase classname="tests.Playground03Test" name="test" time="64.635"/>
</testsuite> <!-- PlayGroundTests Example 1 -->
