<?xml version="1.0" encoding="UTF-8"?>
<!-- Generated by org.testng.reporters.JUnitXMLReporter -->
<testsuite ignored="0" hostname="F1Team04" failures="2" tests="2" name="Islamic Savings Account - Open" time="13.539" errors="0" timestamp="2023-09-13T10:58:24 EEST">
  <testcase classname="tests.ABE_OpenIslamicSavingsAccount_MudarabahSBA" name="test" time="0.032">
    <failure type="java.lang.Error" message="Unresolved compilation problem: 
	Lambda expressions are allowed only at source level 1.8 or above
">
      <![CDATA[java.lang.Error: Unresolved compilation problem: 
Lambda expressions are allowed only at source level 1.8 or above

at tests.ABE_OpenIslamicSavingsAccount_MudarabahSBA.test(ABE_OpenIslamicSavingsAccount_MudarabahSBA.java:53)
at java.base/java.util.concurrent.ThreadPoolExecutor.runWorker(ThreadPoolExecutor.java:1136)
at java.base/java.util.concurrent.ThreadPoolExecutor$Worker.run(ThreadPoolExecutor.java:635)
at java.base/java.lang.Thread.run(Thread.java:833)
... Removed 12 stack frames]]>
    </failure>
  </testcase> <!-- test -->
  <testcase classname="tests.ABE_OpenIslamicSavingsAccount_MudarabahSBA" name="test" time="0.002">
    <failure type="java.lang.Error" message="Unresolved compilation problem: 
	Lambda expressions are allowed only at source level 1.8 or above
">
      <![CDATA[java.lang.Error: Unresolved compilation problem: 
Lambda expressions are allowed only at source level 1.8 or above

at tests.ABE_OpenIslamicSavingsAccount_MudarabahSBA.test(ABE_OpenIslamicSavingsAccount_MudarabahSBA.java:53)
at java.base/java.util.concurrent.ThreadPoolExecutor.runWorker(ThreadPoolExecutor.java:1136)
at java.base/java.util.concurrent.ThreadPoolExecutor$Worker.run(ThreadPoolExecutor.java:635)
at java.base/java.lang.Thread.run(Thread.java:833)
... Removed 12 stack frames]]>
    </failure>
  </testcase> <!-- test -->
</testsuite> <!-- Islamic Savings Account - Open -->
