<?xml version="1.0" encoding="UTF-8"?>
<!-- Generated by org.testng.reporters.JUnitXMLReporter -->
<testsuite ignored="0" hostname="F1Team04" failures="0" tests="2" name="Islamic Savings Account" time="50.009" errors="0" timestamp="2023-09-17T16:11:54 EEST">
  <testcase classname="tests.ABE_OpenIslamicSavingsAccount_MudarabahSBA" name="openIslamicSavingsAccount" time="18.698"/>
  <testcase classname="tests.ABE_OpenIslamicSavingsAccount_MudarabahSBA" name="openIslamicSavingsAccount" time="19.5"/>
</testsuite> <!-- Islamic Savings Account -->
