<?xml version="1.0" encoding="UTF-8"?>
<!-- Generated by org.testng.reporters.JUnitXMLReporter -->
<testsuite ignored="0" hostname="F1TestCore2" failures="0" tests="3" name="Open Islamic Savings Account" time="161.591" errors="0" timestamp="2023-09-05T09:33:39 EEST">
  <testcase classname="tests.ABE_OpenIslamicSavingsAccount_MudarabahSBA" name="test" time="46.831"/>
  <testcase classname="tests.ABE_OpenIslamicSavingsAccount_MudarabahSBA" name="test" time="46.827"/>
  <testcase classname="tests.ABE_OpenIslamicSavingsAccount_MudarabahSBA" name="test" time="46.364"/>
</testsuite> <!-- Open Islamic Savings Account -->
