<?xml version="1.0" encoding="UTF-8"?>
<testng-results ignored="0" total="4" passed="4" failed="0" skipped="0">
  <reporter-output>
  </reporter-output>
  <suite started-at="2023-09-18T15:47:02 EEST" name="Suite" finished-at="2023-09-18T15:49:15 EEST" duration-ms="133459">
    <groups>
      <group name="verify">
        <method signature="ABE_VerifyIslamicSavingsAccount_MudarabahSBA.verifyIslamicSavingsAccountTest(data.VerifyIslamicSavingsAccountData)[pri:0, instance:tests.ABE_VerifyIslamicSavingsAccount_MudarabahSBA@65d57e4e]" name="verifyIslamicSavingsAccountTest" class="tests.ABE_VerifyIslamicSavingsAccount_MudarabahSBA"/>
      </group> <!-- verify -->
      <group name="open">
        <method signature="ABE_OpenIslamicSavingsAccount_MudarabahSBA.openIslamicSavingsAccount(data.OpenIslamicSavingsAccountData)[pri:0, instance:tests.ABE_OpenIslamicSavingsAccount_MudarabahSBA@29138d3a]" name="openIslamicSavingsAccount" class="tests.ABE_OpenIslamicSavingsAccount_MudarabahSBA"/>
      </group> <!-- open -->
    </groups>
    <test started-at="2023-09-18T15:47:02 EEST" name="Islamic Savings Account" finished-at="2023-09-18T15:49:15 EEST" duration-ms="133459">
      <class name="tests.ABE_OpenIslamicSavingsAccount_MudarabahSBA">
        <test-method is-config="true" signature="oneTimeSetUp()[pri:0, instance:tests.ABE_OpenIslamicSavingsAccount_MudarabahSBA@29138d3a]" started-at="2023-09-18T15:47:02 EEST" name="oneTimeSetUp" finished-at="2023-09-18T15:47:02 EEST" duration-ms="82" status="PASS">
          <reporter-output>
          </reporter-output>
        </test-method> <!-- oneTimeSetUp -->
        <test-method is-config="true" signature="beforeTest([Ljava.lang.Object;)[pri:0, instance:tests.ABE_OpenIslamicSavingsAccount_MudarabahSBA@29138d3a]" started-at="2023-09-18T15:47:02 EEST" name="beforeTest" description="Initiating Browser" finished-at="2023-09-18T15:47:17 EEST" duration-ms="14159" status="PASS">
          <params>
            <param index="0">
              <value>
                <![CDATA[[Ljava.lang.Object;@6573d2f7]]>
              </value>
            </param>
          </params>
          <reporter-output>
          </reporter-output>
        </test-method> <!-- beforeTest -->
        <test-method signature="openIslamicSavingsAccount(data.OpenIslamicSavingsAccountData)[pri:0, instance:tests.ABE_OpenIslamicSavingsAccount_MudarabahSBA@29138d3a]" started-at="2023-09-18T15:47:17 EEST" name="openIslamicSavingsAccount" data-provider="Open Islamic Savings Account DataProvider" finished-at="2023-09-18T15:47:39 EEST" duration-ms="22392" status="PASS">
          <params>
            <param index="0">
              <value>
                <![CDATA[OpenIslamicSavingsAccountData [tcId=FCB-001, summary=Automation_Cycle1_OpenIslamicSavingsAccount_ByMaker, username=QA46, password=Infy@123, menu=OISAC, cif=1111111, expectedResult=The savings account is opened successfully., reference=null, linkedTcid=FCB-002]]]>
              </value>
            </param>
          </params>
          <reporter-output>
          </reporter-output>
        </test-method> <!-- openIslamicSavingsAccount -->
        <test-method is-config="true" signature="after(org.testng.ITestResult)[pri:0, instance:tests.ABE_OpenIslamicSavingsAccount_MudarabahSBA@29138d3a]" started-at="2023-09-18T15:47:39 EEST" name="after" finished-at="2023-09-18T15:47:39 EEST" duration-ms="163" status="PASS">
          <params>
            <param index="0">
              <value>
                <![CDATA[[TestResult name=openIslamicSavingsAccount status=SUCCESS method=ABE_OpenIslamicSavingsAccount_MudarabahSBA.openIslamicSavingsAccount(data.OpenIslamicSavingsAccountData)[pri:0, instance:tests.ABE_OpenIslamicSavingsAccount_MudarabahSBA@29138d3a] output={null}]]]>
              </value>
            </param>
          </params>
          <reporter-output>
          </reporter-output>
        </test-method> <!-- after -->
        <test-method is-config="true" signature="beforeTest([Ljava.lang.Object;)[pri:0, instance:tests.ABE_OpenIslamicSavingsAccount_MudarabahSBA@29138d3a]" started-at="2023-09-18T15:47:39 EEST" name="beforeTest" description="Initiating Browser" finished-at="2023-09-18T15:47:46 EEST" duration-ms="6521" status="PASS">
          <params>
            <param index="0">
              <value>
                <![CDATA[[Ljava.lang.Object;@4052c8c2]]>
              </value>
            </param>
          </params>
          <reporter-output>
          </reporter-output>
        </test-method> <!-- beforeTest -->
        <test-method signature="openIslamicSavingsAccount(data.OpenIslamicSavingsAccountData)[pri:0, instance:tests.ABE_OpenIslamicSavingsAccount_MudarabahSBA@29138d3a]" started-at="2023-09-18T15:47:46 EEST" name="openIslamicSavingsAccount" data-provider="Open Islamic Savings Account DataProvider" finished-at="2023-09-18T15:48:08 EEST" duration-ms="22133" status="PASS">
          <params>
            <param index="0">
              <value>
                <![CDATA[OpenIslamicSavingsAccountData [tcId=FCB-003, summary=Automation_Cycle1_OpenIslamicSavingsAccount_ByMaker, username=QA46, password=Infy@123, menu=OISAC, cif=1111111, expectedResult=The savings account is opened successfully., reference=null, linkedTcid=FCB-004]]]>
              </value>
            </param>
          </params>
          <reporter-output>
          </reporter-output>
        </test-method> <!-- openIslamicSavingsAccount -->
        <test-method is-config="true" signature="after(org.testng.ITestResult)[pri:0, instance:tests.ABE_OpenIslamicSavingsAccount_MudarabahSBA@29138d3a]" started-at="2023-09-18T15:48:08 EEST" name="after" finished-at="2023-09-18T15:48:08 EEST" duration-ms="183" status="PASS">
          <params>
            <param index="0">
              <value>
                <![CDATA[[TestResult name=openIslamicSavingsAccount status=SUCCESS method=ABE_OpenIslamicSavingsAccount_MudarabahSBA.openIslamicSavingsAccount(data.OpenIslamicSavingsAccountData)[pri:0, instance:tests.ABE_OpenIslamicSavingsAccount_MudarabahSBA@29138d3a] output={null}]]]>
              </value>
            </param>
          </params>
          <reporter-output>
          </reporter-output>
        </test-method> <!-- after -->
      </class> <!-- tests.ABE_OpenIslamicSavingsAccount_MudarabahSBA -->
      <class name="tests.ABE_VerifyIslamicSavingsAccount_MudarabahSBA">
        <test-method is-config="true" signature="beforeTest([Ljava.lang.Object;)[pri:0, instance:tests.ABE_VerifyIslamicSavingsAccount_MudarabahSBA@65d57e4e]" started-at="2023-09-18T15:48:08 EEST" name="beforeTest" description="Initiating Browser" finished-at="2023-09-18T15:48:14 EEST" duration-ms="6182" status="PASS">
          <params>
            <param index="0">
              <value>
                <![CDATA[[Ljava.lang.Object;@181b8c4b]]>
              </value>
            </param>
          </params>
          <reporter-output>
          </reporter-output>
        </test-method> <!-- beforeTest -->
        <test-method signature="verifyIslamicSavingsAccountTest(data.VerifyIslamicSavingsAccountData)[pri:0, instance:tests.ABE_VerifyIslamicSavingsAccount_MudarabahSBA@65d57e4e]" started-at="2023-09-18T15:48:14 EEST" name="verifyIslamicSavingsAccountTest" data-provider="Verify Islamic Savings Account DataProvider" depends-on-groups="open" finished-at="2023-09-18T15:48:44 EEST" duration-ms="29569" status="PASS">
          <params>
            <param index="0">
              <value>
                <![CDATA[data.VerifyIslamicSavingsAccountData@69707651]]>
              </value>
            </param>
          </params>
          <reporter-output>
          </reporter-output>
        </test-method> <!-- verifyIslamicSavingsAccountTest -->
        <test-method is-config="true" signature="after(org.testng.ITestResult)[pri:0, instance:tests.ABE_VerifyIslamicSavingsAccount_MudarabahSBA@65d57e4e]" started-at="2023-09-18T15:48:44 EEST" name="after" finished-at="2023-09-18T15:48:45 EEST" duration-ms="1188" status="PASS">
          <params>
            <param index="0">
              <value>
                <![CDATA[[TestResult name=verifyIslamicSavingsAccountTest status=SUCCESS method=ABE_VerifyIslamicSavingsAccount_MudarabahSBA.verifyIslamicSavingsAccountTest(data.VerifyIslamicSavingsAccountData)[pri:0, instance:tests.ABE_VerifyIslamicSavingsAccount_MudarabahSBA@65d57e4e] output={null}]]]>
              </value>
            </param>
          </params>
          <reporter-output>
          </reporter-output>
        </test-method> <!-- after -->
        <test-method is-config="true" signature="beforeTest([Ljava.lang.Object;)[pri:0, instance:tests.ABE_VerifyIslamicSavingsAccount_MudarabahSBA@65d57e4e]" started-at="2023-09-18T15:48:45 EEST" name="beforeTest" description="Initiating Browser" finished-at="2023-09-18T15:48:51 EEST" duration-ms="6339" status="PASS">
          <params>
            <param index="0">
              <value>
                <![CDATA[[Ljava.lang.Object;@38eb0f4d]]>
              </value>
            </param>
          </params>
          <reporter-output>
          </reporter-output>
        </test-method> <!-- beforeTest -->
        <test-method signature="verifyIslamicSavingsAccountTest(data.VerifyIslamicSavingsAccountData)[pri:0, instance:tests.ABE_VerifyIslamicSavingsAccount_MudarabahSBA@65d57e4e]" started-at="2023-09-18T15:48:51 EEST" name="verifyIslamicSavingsAccountTest" data-provider="Verify Islamic Savings Account DataProvider" depends-on-groups="open" finished-at="2023-09-18T15:49:14 EEST" duration-ms="22427" status="PASS">
          <params>
            <param index="0">
              <value>
                <![CDATA[data.VerifyIslamicSavingsAccountData@409adece]]>
              </value>
            </param>
          </params>
          <reporter-output>
          </reporter-output>
        </test-method> <!-- verifyIslamicSavingsAccountTest -->
        <test-method is-config="true" signature="after(org.testng.ITestResult)[pri:0, instance:tests.ABE_VerifyIslamicSavingsAccount_MudarabahSBA@65d57e4e]" started-at="2023-09-18T15:49:14 EEST" name="after" finished-at="2023-09-18T15:49:15 EEST" duration-ms="1196" status="PASS">
          <params>
            <param index="0">
              <value>
                <![CDATA[[TestResult name=verifyIslamicSavingsAccountTest status=SUCCESS method=ABE_VerifyIslamicSavingsAccount_MudarabahSBA.verifyIslamicSavingsAccountTest(data.VerifyIslamicSavingsAccountData)[pri:0, instance:tests.ABE_VerifyIslamicSavingsAccount_MudarabahSBA@65d57e4e] output={null}]]]>
              </value>
            </param>
          </params>
          <reporter-output>
          </reporter-output>
        </test-method> <!-- after -->
      </class> <!-- tests.ABE_VerifyIslamicSavingsAccount_MudarabahSBA -->
    </test> <!-- Islamic Savings Account -->
  </suite> <!-- Suite -->
</testng-results>
