<?xml version="1.0" encoding="UTF-8"?>
<testng-results ignored="0" total="4" passed="4" failed="0" skipped="0">
  <reporter-output>
  </reporter-output>
  <suite started-at="2023-09-18T13:55:01 EEST" name="Suite" finished-at="2023-09-18T13:57:10 EEST" duration-ms="129711">
    <groups>
      <group name="verify">
        <method signature="ABE_VerifyIslamicSavingsAccount_MudarabahSBA.verifyIslamicSavingsAccountTest(data.VerifyIslamicSavingsAccountData)[pri:0, instance:tests.ABE_VerifyIslamicSavingsAccount_MudarabahSBA@68880c21]" name="verifyIslamicSavingsAccountTest" class="tests.ABE_VerifyIslamicSavingsAccount_MudarabahSBA"/>
      </group> <!-- verify -->
      <group name="open">
        <method signature="ABE_OpenIslamicSavingsAccount_MudarabahSBA.openIslamicSavingsAccount(data.OpenIslamicSavingsAccountData)[pri:0, instance:tests.ABE_OpenIslamicSavingsAccount_MudarabahSBA@4d3ca6c7]" name="openIslamicSavingsAccount" class="tests.ABE_OpenIslamicSavingsAccount_MudarabahSBA"/>
      </group> <!-- open -->
    </groups>
    <test started-at="2023-09-18T13:55:01 EEST" name="Islamic Savings Account" finished-at="2023-09-18T13:57:10 EEST" duration-ms="129711">
      <class name="tests.ABE_OpenIslamicSavingsAccount_MudarabahSBA">
        <test-method is-config="true" signature="oneTimeSetUp()[pri:0, instance:tests.ABE_OpenIslamicSavingsAccount_MudarabahSBA@4d3ca6c7]" started-at="2023-09-18T13:55:01 EEST" name="oneTimeSetUp" finished-at="2023-09-18T13:55:01 EEST" duration-ms="68" status="PASS">
          <reporter-output>
          </reporter-output>
        </test-method> <!-- oneTimeSetUp -->
        <test-method is-config="true" signature="beforeTest([Ljava.lang.Object;)[pri:0, instance:tests.ABE_OpenIslamicSavingsAccount_MudarabahSBA@4d3ca6c7]" started-at="2023-09-18T13:55:02 EEST" name="beforeTest" description="Initiating Browser" finished-at="2023-09-18T13:55:17 EEST" duration-ms="15040" status="PASS">
          <params>
            <param index="0">
              <value>
                <![CDATA[[Ljava.lang.Object;@2cae9b8]]>
              </value>
            </param>
          </params>
          <reporter-output>
          </reporter-output>
        </test-method> <!-- beforeTest -->
        <test-method signature="openIslamicSavingsAccount(data.OpenIslamicSavingsAccountData)[pri:0, instance:tests.ABE_OpenIslamicSavingsAccount_MudarabahSBA@4d3ca6c7]" started-at="2023-09-18T13:55:17 EEST" name="openIslamicSavingsAccount" data-provider="Open Islamic Savings Account DataProvider" finished-at="2023-09-18T13:55:39 EEST" duration-ms="22475" status="PASS">
          <params>
            <param index="0">
              <value>
                <![CDATA[data.OpenIslamicSavingsAccountData@4d7e2124]]>
              </value>
            </param>
          </params>
          <reporter-output>
          </reporter-output>
        </test-method> <!-- openIslamicSavingsAccount -->
        <test-method is-config="true" signature="after(org.testng.ITestResult)[pri:0, instance:tests.ABE_OpenIslamicSavingsAccount_MudarabahSBA@4d3ca6c7]" started-at="2023-09-18T13:55:39 EEST" name="after" finished-at="2023-09-18T13:55:39 EEST" duration-ms="173" status="PASS">
          <params>
            <param index="0">
              <value>
                <![CDATA[[TestResult name=openIslamicSavingsAccount status=SUCCESS method=ABE_OpenIslamicSavingsAccount_MudarabahSBA.openIslamicSavingsAccount(data.OpenIslamicSavingsAccountData)[pri:0, instance:tests.ABE_OpenIslamicSavingsAccount_MudarabahSBA@4d3ca6c7] output={null}]]]>
              </value>
            </param>
          </params>
          <reporter-output>
          </reporter-output>
        </test-method> <!-- after -->
        <test-method is-config="true" signature="beforeTest([Ljava.lang.Object;)[pri:0, instance:tests.ABE_OpenIslamicSavingsAccount_MudarabahSBA@4d3ca6c7]" started-at="2023-09-18T13:55:39 EEST" name="beforeTest" description="Initiating Browser" finished-at="2023-09-18T13:55:45 EEST" duration-ms="5651" status="PASS">
          <params>
            <param index="0">
              <value>
                <![CDATA[[Ljava.lang.Object;@1457fde]]>
              </value>
            </param>
          </params>
          <reporter-output>
          </reporter-output>
        </test-method> <!-- beforeTest -->
        <test-method signature="openIslamicSavingsAccount(data.OpenIslamicSavingsAccountData)[pri:0, instance:tests.ABE_OpenIslamicSavingsAccount_MudarabahSBA@4d3ca6c7]" started-at="2023-09-18T13:55:45 EEST" name="openIslamicSavingsAccount" data-provider="Open Islamic Savings Account DataProvider" finished-at="2023-09-18T13:56:10 EEST" duration-ms="24481" status="PASS">
          <params>
            <param index="0">
              <value>
                <![CDATA[data.OpenIslamicSavingsAccountData@4ceecea1]]>
              </value>
            </param>
          </params>
          <reporter-output>
          </reporter-output>
        </test-method> <!-- openIslamicSavingsAccount -->
        <test-method is-config="true" signature="after(org.testng.ITestResult)[pri:0, instance:tests.ABE_OpenIslamicSavingsAccount_MudarabahSBA@4d3ca6c7]" started-at="2023-09-18T13:56:10 EEST" name="after" finished-at="2023-09-18T13:56:10 EEST" duration-ms="158" status="PASS">
          <params>
            <param index="0">
              <value>
                <![CDATA[[TestResult name=openIslamicSavingsAccount status=SUCCESS method=ABE_OpenIslamicSavingsAccount_MudarabahSBA.openIslamicSavingsAccount(data.OpenIslamicSavingsAccountData)[pri:0, instance:tests.ABE_OpenIslamicSavingsAccount_MudarabahSBA@4d3ca6c7] output={null}]]]>
              </value>
            </param>
          </params>
          <reporter-output>
          </reporter-output>
        </test-method> <!-- after -->
      </class> <!-- tests.ABE_OpenIslamicSavingsAccount_MudarabahSBA -->
      <class name="tests.ABE_VerifyIslamicSavingsAccount_MudarabahSBA">
        <test-method is-config="true" signature="beforeTest([Ljava.lang.Object;)[pri:0, instance:tests.ABE_VerifyIslamicSavingsAccount_MudarabahSBA@68880c21]" started-at="2023-09-18T13:56:10 EEST" name="beforeTest" description="Initiating Browser" finished-at="2023-09-18T13:56:16 EEST" duration-ms="6604" status="PASS">
          <params>
            <param index="0">
              <value>
                <![CDATA[[Ljava.lang.Object;@6f94fb9d]]>
              </value>
            </param>
          </params>
          <reporter-output>
          </reporter-output>
        </test-method> <!-- beforeTest -->
        <test-method signature="verifyIslamicSavingsAccountTest(data.VerifyIslamicSavingsAccountData)[pri:0, instance:tests.ABE_VerifyIslamicSavingsAccount_MudarabahSBA@68880c21]" started-at="2023-09-18T13:56:16 EEST" name="verifyIslamicSavingsAccountTest" data-provider="Verify Islamic Savings Account DataProvider" depends-on-groups="open" finished-at="2023-09-18T13:56:39 EEST" duration-ms="22563" status="PASS">
          <params>
            <param index="0">
              <value>
                <![CDATA[data.VerifyIslamicSavingsAccountData@76989cad]]>
              </value>
            </param>
          </params>
          <reporter-output>
          </reporter-output>
        </test-method> <!-- verifyIslamicSavingsAccountTest -->
        <test-method is-config="true" signature="after(org.testng.ITestResult)[pri:0, instance:tests.ABE_VerifyIslamicSavingsAccount_MudarabahSBA@68880c21]" started-at="2023-09-18T13:56:39 EEST" name="after" finished-at="2023-09-18T13:56:40 EEST" duration-ms="1204" status="PASS">
          <params>
            <param index="0">
              <value>
                <![CDATA[[TestResult name=verifyIslamicSavingsAccountTest status=SUCCESS method=ABE_VerifyIslamicSavingsAccount_MudarabahSBA.verifyIslamicSavingsAccountTest(data.VerifyIslamicSavingsAccountData)[pri:0, instance:tests.ABE_VerifyIslamicSavingsAccount_MudarabahSBA@68880c21] output={null}]]]>
              </value>
            </param>
          </params>
          <reporter-output>
          </reporter-output>
        </test-method> <!-- after -->
        <test-method is-config="true" signature="beforeTest([Ljava.lang.Object;)[pri:0, instance:tests.ABE_VerifyIslamicSavingsAccount_MudarabahSBA@68880c21]" started-at="2023-09-18T13:56:40 EEST" name="beforeTest" description="Initiating Browser" finished-at="2023-09-18T13:56:46 EEST" duration-ms="5797" status="PASS">
          <params>
            <param index="0">
              <value>
                <![CDATA[[Ljava.lang.Object;@17fa1336]]>
              </value>
            </param>
          </params>
          <reporter-output>
          </reporter-output>
        </test-method> <!-- beforeTest -->
        <test-method signature="verifyIslamicSavingsAccountTest(data.VerifyIslamicSavingsAccountData)[pri:0, instance:tests.ABE_VerifyIslamicSavingsAccount_MudarabahSBA@68880c21]" started-at="2023-09-18T13:56:46 EEST" name="verifyIslamicSavingsAccountTest" data-provider="Verify Islamic Savings Account DataProvider" depends-on-groups="open" finished-at="2023-09-18T13:57:09 EEST" duration-ms="23398" status="PASS">
          <params>
            <param index="0">
              <value>
                <![CDATA[data.VerifyIslamicSavingsAccountData@26023f92]]>
              </value>
            </param>
          </params>
          <reporter-output>
          </reporter-output>
        </test-method> <!-- verifyIslamicSavingsAccountTest -->
        <test-method is-config="true" signature="after(org.testng.ITestResult)[pri:0, instance:tests.ABE_VerifyIslamicSavingsAccount_MudarabahSBA@68880c21]" started-at="2023-09-18T13:57:09 EEST" name="after" finished-at="2023-09-18T13:57:10 EEST" duration-ms="1201" status="PASS">
          <params>
            <param index="0">
              <value>
                <![CDATA[[TestResult name=verifyIslamicSavingsAccountTest status=SUCCESS method=ABE_VerifyIslamicSavingsAccount_MudarabahSBA.verifyIslamicSavingsAccountTest(data.VerifyIslamicSavingsAccountData)[pri:0, instance:tests.ABE_VerifyIslamicSavingsAccount_MudarabahSBA@68880c21] output={null}]]]>
              </value>
            </param>
          </params>
          <reporter-output>
          </reporter-output>
        </test-method> <!-- after -->
      </class> <!-- tests.ABE_VerifyIslamicSavingsAccount_MudarabahSBA -->
    </test> <!-- Islamic Savings Account -->
  </suite> <!-- Suite -->
</testng-results>
