<?xml version="1.0" encoding="UTF-8"?>
<testng-results ignored="0" total="4" passed="4" failed="0" skipped="0">
  <reporter-output>
  </reporter-output>
  <suite started-at="2023-09-25T12:59:43 EEST" name="Suite" finished-at="2023-09-25T13:02:16 EEST" duration-ms="153195">
    <groups>
      <group name="verify">
        <method signature="ABE_VerifyIslamicCurrentAccount_MudarabahCAA.verifyIslamicCurrentAccountTest(data.VerifyIslamicCurrentAccountData)[pri:0, instance:tests.ABE_VerifyIslamicCurrentAccount_MudarabahCAA@23a5818e]" name="verifyIslamicCurrentAccountTest" class="tests.ABE_VerifyIslamicCurrentAccount_MudarabahCAA"/>
      </group> <!-- verify -->
      <group name="open">
        <method signature="ABE_OpenIslamicCurrentAccount_MudarabahCAA.openIslamicCurrentAccount(data.OpenIslamicCurrentAccountData)[pri:0, instance:tests.ABE_OpenIslamicCurrentAccount_MudarabahCAA@6dbcf214]" name="openIslamicCurrentAccount" class="tests.ABE_OpenIslamicCurrentAccount_MudarabahCAA"/>
      </group> <!-- open -->
    </groups>
    <test started-at="2023-09-25T12:59:43 EEST" name="Islamic Casa Account" finished-at="2023-09-25T13:02:16 EEST" duration-ms="153195">
      <class name="tests.ABE_VerifyIslamicCurrentAccount_MudarabahCAA">
        <test-method is-config="true" signature="beforeTest([Ljava.lang.Object;)[pri:0, instance:tests.ABE_VerifyIslamicCurrentAccount_MudarabahCAA@23a5818e]" started-at="2023-09-25T13:01:02 EEST" name="beforeTest" description="Initiating Browser" finished-at="2023-09-25T13:01:08 EEST" duration-ms="6012" status="PASS">
          <params>
            <param index="0">
              <value>
                <![CDATA[[Ljava.lang.Object;@437486cd]]>
              </value>
            </param>
          </params>
          <reporter-output>
          </reporter-output>
        </test-method> <!-- beforeTest -->
        <test-method signature="verifyIslamicCurrentAccountTest(data.VerifyIslamicCurrentAccountData)[pri:0, instance:tests.ABE_VerifyIslamicCurrentAccount_MudarabahCAA@23a5818e]" started-at="2023-09-25T13:01:08 EEST" name="verifyIslamicCurrentAccountTest" data-provider="Verify Islamic Current Account DataProvider" depends-on-groups="open" finished-at="2023-09-25T13:01:37 EEST" duration-ms="29556" status="PASS">
          <params>
            <param index="0">
              <value>
                <![CDATA[VerifyIslamicCurrentAccountData Testcase ID: FCB-9836, Summary: IslamicBanking_MudarabahCAA_Verify_IslamicCurrentAccount_Corporate_CACO_ByChecker_B1, Username: QA47, Password: Infy@123, Menu: VICAO, Account ID: '161006251769010137, Expected Result: The current account is approved successfully.]]>
              </value>
            </param>
          </params>
          <reporter-output>
          </reporter-output>
        </test-method> <!-- verifyIslamicCurrentAccountTest -->
        <test-method is-config="true" signature="after(org.testng.ITestResult)[pri:0, instance:tests.ABE_VerifyIslamicCurrentAccount_MudarabahCAA@23a5818e]" started-at="2023-09-25T13:01:37 EEST" name="after" finished-at="2023-09-25T13:01:39 EEST" duration-ms="1200" status="PASS">
          <params>
            <param index="0">
              <value>
                <![CDATA[[TestResult name=verifyIslamicCurrentAccountTest status=SUCCESS method=ABE_VerifyIslamicCurrentAccount_MudarabahCAA.verifyIslamicCurrentAccountTest(data.VerifyIslamicCurrentAccountData)[pri:0, instance:tests.ABE_VerifyIslamicCurrentAccount_MudarabahCAA@23a5818e] output={null}]]]>
              </value>
            </param>
          </params>
          <reporter-output>
          </reporter-output>
        </test-method> <!-- after -->
        <test-method is-config="true" signature="beforeTest([Ljava.lang.Object;)[pri:0, instance:tests.ABE_VerifyIslamicCurrentAccount_MudarabahCAA@23a5818e]" started-at="2023-09-25T13:01:39 EEST" name="beforeTest" description="Initiating Browser" finished-at="2023-09-25T13:01:45 EEST" duration-ms="6316" status="PASS">
          <params>
            <param index="0">
              <value>
                <![CDATA[[Ljava.lang.Object;@15b642b9]]>
              </value>
            </param>
          </params>
          <reporter-output>
          </reporter-output>
        </test-method> <!-- beforeTest -->
        <test-method signature="verifyIslamicCurrentAccountTest(data.VerifyIslamicCurrentAccountData)[pri:0, instance:tests.ABE_VerifyIslamicCurrentAccount_MudarabahCAA@23a5818e]" started-at="2023-09-25T13:01:45 EEST" name="verifyIslamicCurrentAccountTest" data-provider="Verify Islamic Current Account DataProvider" depends-on-groups="open" finished-at="2023-09-25T13:02:15 EEST" duration-ms="29804" status="PASS">
          <params>
            <param index="0">
              <value>
                <![CDATA[VerifyIslamicCurrentAccountData Testcase ID: FCB-9838, Summary: IslamicBanking_MudarabahCAA_Verify_IslamicCurrentAccount_Pension_CAP_ByChecker_B3, Username: QA47, Password: Infy@123, Menu: VICAO, Account ID: '160302347795010033, Expected Result: The current account is approved successfully.]]>
              </value>
            </param>
          </params>
          <reporter-output>
          </reporter-output>
        </test-method> <!-- verifyIslamicCurrentAccountTest -->
        <test-method is-config="true" signature="after(org.testng.ITestResult)[pri:0, instance:tests.ABE_VerifyIslamicCurrentAccount_MudarabahCAA@23a5818e]" started-at="2023-09-25T13:02:15 EEST" name="after" finished-at="2023-09-25T13:02:16 EEST" duration-ms="1183" status="PASS">
          <params>
            <param index="0">
              <value>
                <![CDATA[[TestResult name=verifyIslamicCurrentAccountTest status=SUCCESS method=ABE_VerifyIslamicCurrentAccount_MudarabahCAA.verifyIslamicCurrentAccountTest(data.VerifyIslamicCurrentAccountData)[pri:0, instance:tests.ABE_VerifyIslamicCurrentAccount_MudarabahCAA@23a5818e] output={null}]]]>
              </value>
            </param>
          </params>
          <reporter-output>
          </reporter-output>
        </test-method> <!-- after -->
      </class> <!-- tests.ABE_VerifyIslamicCurrentAccount_MudarabahCAA -->
      <class name="tests.ABE_OpenIslamicCurrentAccount_MudarabahCAA">
        <test-method is-config="true" signature="oneTimeSetUp()[pri:0, instance:tests.ABE_OpenIslamicCurrentAccount_MudarabahCAA@6dbcf214]" started-at="2023-09-25T12:59:43 EEST" name="oneTimeSetUp" finished-at="2023-09-25T12:59:43 EEST" duration-ms="50" status="PASS">
          <reporter-output>
          </reporter-output>
        </test-method> <!-- oneTimeSetUp -->
        <test-method is-config="true" signature="beforeTest([Ljava.lang.Object;)[pri:0, instance:tests.ABE_OpenIslamicCurrentAccount_MudarabahCAA@6dbcf214]" started-at="2023-09-25T12:59:44 EEST" name="beforeTest" description="Initiating Browser" finished-at="2023-09-25T12:59:49 EEST" duration-ms="5878" status="PASS">
          <params>
            <param index="0">
              <value>
                <![CDATA[[Ljava.lang.Object;@181b8c4b]]>
              </value>
            </param>
          </params>
          <reporter-output>
          </reporter-output>
        </test-method> <!-- beforeTest -->
        <test-method signature="openIslamicCurrentAccount(data.OpenIslamicCurrentAccountData)[pri:0, instance:tests.ABE_OpenIslamicCurrentAccount_MudarabahCAA@6dbcf214]" started-at="2023-09-25T12:59:49 EEST" name="openIslamicCurrentAccount" data-provider="Open Islamic Current Account DataProvider" finished-at="2023-09-25T13:00:23 EEST" duration-ms="33074" status="PASS">
          <params>
            <param index="0">
              <value>
                <![CDATA[OpenIslamicCurrentAccountData Testcase ID: FCB-9827, Summary: IslamicBanking_MudarabahCAA_Open_IslamicCurrentAccount_Corporate_CACO_ByMaker_A1, Username: QA46, Password: Infy@123, Menu: OICAC, CIF ID: 6251769, Scheme Code: 1610, General Ledger Subhead Code: 21901, Expected Result: The current account is opened successfully., Linked Testcase ID: FCB-9836]]>
              </value>
            </param>
          </params>
          <reporter-output>
          </reporter-output>
        </test-method> <!-- openIslamicCurrentAccount -->
        <test-method is-config="true" signature="after(org.testng.ITestResult)[pri:0, instance:tests.ABE_OpenIslamicCurrentAccount_MudarabahCAA@6dbcf214]" started-at="2023-09-25T13:00:23 EEST" name="after" finished-at="2023-09-25T13:00:23 EEST" duration-ms="194" status="PASS">
          <params>
            <param index="0">
              <value>
                <![CDATA[[TestResult name=openIslamicCurrentAccount status=SUCCESS method=ABE_OpenIslamicCurrentAccount_MudarabahCAA.openIslamicCurrentAccount(data.OpenIslamicCurrentAccountData)[pri:0, instance:tests.ABE_OpenIslamicCurrentAccount_MudarabahCAA@6dbcf214] output={null}]]]>
              </value>
            </param>
          </params>
          <reporter-output>
          </reporter-output>
        </test-method> <!-- after -->
        <test-method is-config="true" signature="beforeTest([Ljava.lang.Object;)[pri:0, instance:tests.ABE_OpenIslamicCurrentAccount_MudarabahCAA@6dbcf214]" started-at="2023-09-25T13:00:23 EEST" name="beforeTest" description="Initiating Browser" finished-at="2023-09-25T13:00:28 EEST" duration-ms="5736" status="PASS">
          <params>
            <param index="0">
              <value>
                <![CDATA[[Ljava.lang.Object;@38eb0f4d]]>
              </value>
            </param>
          </params>
          <reporter-output>
          </reporter-output>
        </test-method> <!-- beforeTest -->
        <test-method signature="openIslamicCurrentAccount(data.OpenIslamicCurrentAccountData)[pri:0, instance:tests.ABE_OpenIslamicCurrentAccount_MudarabahCAA@6dbcf214]" started-at="2023-09-25T13:00:28 EEST" name="openIslamicCurrentAccount" data-provider="Open Islamic Current Account DataProvider" finished-at="2023-09-25T13:01:02 EEST" duration-ms="33115" status="PASS">
          <params>
            <param index="0">
              <value>
                <![CDATA[OpenIslamicCurrentAccountData Testcase ID: FCB-9829, Summary: IslamicBanking_MudarabahCAA_Open_IslamicCurrentAccount_Pension_CAP_ByMaker_A3, Username: QA46, Password: Infy@123, Menu: OICAC, CIF ID: 2347795, Scheme Code: 1603, General Ledger Subhead Code: 21904, Expected Result: The current account is opened successfully., Linked Testcase ID: FCB-9838]]>
              </value>
            </param>
          </params>
          <reporter-output>
          </reporter-output>
        </test-method> <!-- openIslamicCurrentAccount -->
        <test-method is-config="true" signature="after(org.testng.ITestResult)[pri:0, instance:tests.ABE_OpenIslamicCurrentAccount_MudarabahCAA@6dbcf214]" started-at="2023-09-25T13:01:02 EEST" name="after" finished-at="2023-09-25T13:01:02 EEST" duration-ms="183" status="PASS">
          <params>
            <param index="0">
              <value>
                <![CDATA[[TestResult name=openIslamicCurrentAccount status=SUCCESS method=ABE_OpenIslamicCurrentAccount_MudarabahCAA.openIslamicCurrentAccount(data.OpenIslamicCurrentAccountData)[pri:0, instance:tests.ABE_OpenIslamicCurrentAccount_MudarabahCAA@6dbcf214] output={null}]]]>
              </value>
            </param>
          </params>
          <reporter-output>
          </reporter-output>
        </test-method> <!-- after -->
      </class> <!-- tests.ABE_OpenIslamicCurrentAccount_MudarabahCAA -->
    </test> <!-- Islamic Casa Account -->
  </suite> <!-- Suite -->
</testng-results>
