-------------------------------------------------------------------------------
Test set: TestSuite
-------------------------------------------------------------------------------
Tests run: 1, Failures: 1, Errors: 0, Skipped: 0, Time elapsed: 62.26 s <<< FAILURE! -- in TestSuite
tests.ABECreateACHOutwardTest.CreateAchOutward[ABECreateOutwardTransferPaymentData [tcId=FCB-001, summary=Automation_Cycle1_CreateACHOutward_ByMaker, username=QA49, password=Infy@123, Charge_type=BEN, waiveChargeRemark=Gad3ana, menu=MPOR, PaysysID=ACH, Date=15102023, Amount='1788, Line1_RI=TEST, CCY=EGP, BIC_BEN=CIBEEGCX039, Network_BEN=ACH, Branch_BEN=null, chargeWaiveOption=NO, Bank_BEN=null, serviceTypeID=Customer Payment, countryCode_REM=EG, Name_BEN=TEST, Name_REM=ï؟½ï؟½ï؟½ï؟½ ï؟½ï؟½ï؟½ï؟½ ï؟½ï؟½ï؟½ï؟½, Address1_REM=MAADi, Address2_REM=Zahraa El Maadi, Address1_BEN=MAADI, Address2_BEN=Zahraa El Maadi, Purpose_Code=CASH, Account_BEN=132456, Account='101000003754019544 , expectedResult=The record is added successfully., Pos=null, linkedTcid=FCB-002]](1) -- Time elapsed: 39.44 s <<< FAILURE!
org.openqa.selenium.TimeoutException: 
Expected condition failed: waiting for element to be clickable: By.id: _genCrbnkState (tried for 10 second(s) with 500 milliseconds interval)
Build info: version: '3.141.59', revision: 'e82be7d358', time: '2018-11-14T08:17:03'
System info: host: 'F1TESTCORE13', ip: '10.10.23.233', os.name: 'Windows 10', os.arch: 'amd64', os.version: '10.0', java.version: '17.0.8'
Driver info: org.openqa.selenium.remote.RemoteWebDriver
Capabilities {acceptInsecureCerts: false, browserName: chrome, browserVersion: 90.0.4430.72, chrome: {chromedriverVersion: 90.0.4430.24 (4c6d850f087da..., userDataDir: C:\Users\IHAB~1.SAF\AppData...}, goog:chromeOptions: {debuggerAddress: localhost:51148}, javascriptEnabled: true, networkConnectionEnabled: false, pageLoadStrategy: normal, platform: WINDOWS, platformName: WINDOWS, proxy: Proxy(), setWindowRect: true, strictFileInteractability: false, timeouts: {implicit: 0, pageLoad: 300000, script: 30000}, unhandledPromptBehavior: dismiss and notify, webauthn:extension:largeBlob: true, webauthn:virtualAuthenticators: true, webdriver.remote.sessionid: f10d5d7e3f01c50172cfa523e22...}
Session ID: f10d5d7e3f01c50172cfa523e22ae6e1
	at org.openqa.selenium.support.ui.WebDriverWait.timeoutException(WebDriverWait.java:95)
	at org.openqa.selenium.support.ui.FluentWait.until(FluentWait.java:272)
	at pageobjects.ABECreateOutwardTransferPaymentPage.sendKeysAchOutwardPayment(ABECreateOutwardTransferPaymentPage.java:215)
	at procedures.ABECreateOutwardTransferPaymentProcedures.AchOutwardByMaker(ABECreateOutwardTransferPaymentProcedures.java:15)
	at tests.ABECreateACHOutwardTest.CreateAchOutward(ABECreateACHOutwardTest.java:72)
	at java.base/jdk.internal.reflect.NativeMethodAccessorImpl.invoke0(Native Method)
	at java.base/jdk.internal.reflect.NativeMethodAccessorImpl.invoke(NativeMethodAccessorImpl.java:77)
	at java.base/jdk.internal.reflect.DelegatingMethodAccessorImpl.invoke(DelegatingMethodAccessorImpl.java:43)
	at java.base/java.lang.reflect.Method.invoke(Method.java:568)
	at org.testng.internal.invokers.MethodInvocationHelper.invokeMethod(MethodInvocationHelper.java:139)
	at org.testng.internal.invokers.TestInvoker.invokeMethod(TestInvoker.java:664)
	at org.testng.internal.invokers.TestInvoker.invokeTestMethod(TestInvoker.java:227)
	at org.testng.internal.invokers.MethodRunner.runInSequence(MethodRunner.java:50)
	at org.testng.internal.invokers.TestInvoker$MethodInvocationAgent.invoke(TestInvoker.java:957)
	at org.testng.internal.invokers.TestInvoker.invokeTestMethods(TestInvoker.java:200)
	at org.testng.internal.invokers.TestMethodWorker.invokeTestMethods(TestMethodWorker.java:148)
	at org.testng.internal.invokers.TestMethodWorker.run(TestMethodWorker.java:128)
	at java.base/java.util.concurrent.ThreadPoolExecutor.runWorker(ThreadPoolExecutor.java:1136)
	at java.base/java.util.concurrent.ThreadPoolExecutor$Worker.run(ThreadPoolExecutor.java:635)
	at java.base/java.lang.Thread.run(Thread.java:833)

