<?xml version="1.0" encoding="UTF-8"?>
<testng-results ignored="0" total="1" passed="1" failed="0" skipped="0">
  <reporter-output>
  </reporter-output>
  <suite started-at="2023-09-26T11:39:53 EEST" name="Suite" finished-at="2023-09-26T11:40:33 EEST" duration-ms="40070">
    <groups>
      <group name="close">
        <method signature="ABE_CloseIslamicCasaAccount_MudarabahCasa_Test.closeIslamicCasaAccountTest(data.CloseIslamicCasaAccountData)[pri:0, instance:tests.ABE_CloseIslamicCasaAccount_MudarabahCasa_Test@3ee69ad8]" name="closeIslamicCasaAccountTest" class="tests.ABE_CloseIslamicCasaAccount_MudarabahCasa_Test"/>
      </group> <!-- close -->
    </groups>
    <test started-at="2023-09-26T11:39:53 EEST" name="Islamic Casa Account" finished-at="2023-09-26T11:40:33 EEST" duration-ms="40070">
      <class name="tests.ABE_CloseIslamicCasaAccount_MudarabahCasa_Test">
        <test-method is-config="true" signature="beforeTest([Ljava.lang.Object;)[pri:0, instance:tests.ABE_CloseIslamicCasaAccount_MudarabahCasa_Test@3ee69ad8]" started-at="2023-09-26T11:39:54 EEST" name="beforeTest" description="Initiating Browser" finished-at="2023-09-26T11:40:02 EEST" duration-ms="8287" status="PASS">
          <params>
            <param index="0">
              <value>
                <![CDATA[[Ljava.lang.Object;@433348bc]]>
              </value>
            </param>
          </params>
          <reporter-output>
          </reporter-output>
        </test-method> <!-- beforeTest -->
        <test-method signature="closeIslamicCasaAccountTest(data.CloseIslamicCasaAccountData)[pri:0, instance:tests.ABE_CloseIslamicCasaAccount_MudarabahCasa_Test@3ee69ad8]" started-at="2023-09-26T11:40:02 EEST" name="closeIslamicCasaAccountTest" data-provider="Close Islamic Casa Account DataProvider" finished-at="2023-09-26T11:40:31 EEST" duration-ms="29471" status="PASS">
          <params>
            <param index="0">
              <value>
                <![CDATA[CloseIslamicCasaAccountData Testcase ID: FCB-9820, Summary: IslamicBanking_MudarabahSBA_Close_IslamicSavingsAccount_Transfer_ProfitOnIndicativeRate_SBMB_ByMaker_H1, Username: QA46, Password: Infy@123, Menu: CILA, Account ID: '160602901617015506, Transfer Account ID: '160600129029019635, Expected Result: The request for account closure is created and sent for verification successfully., Linked Testcase ID: FCB-9821]]>
              </value>
            </param>
          </params>
          <reporter-output>
          </reporter-output>
        </test-method> <!-- closeIslamicCasaAccountTest -->
        <test-method is-config="true" signature="after(org.testng.ITestResult)[pri:0, instance:tests.ABE_CloseIslamicCasaAccount_MudarabahCasa_Test@3ee69ad8]" started-at="2023-09-26T11:40:31 EEST" name="after" finished-at="2023-09-26T11:40:33 EEST" duration-ms="1513" status="PASS">
          <params>
            <param index="0">
              <value>
                <![CDATA[[TestResult name=closeIslamicCasaAccountTest status=SUCCESS method=ABE_CloseIslamicCasaAccount_MudarabahCasa_Test.closeIslamicCasaAccountTest(data.CloseIslamicCasaAccountData)[pri:0, instance:tests.ABE_CloseIslamicCasaAccount_MudarabahCasa_Test@3ee69ad8] output={null}]]]>
              </value>
            </param>
          </params>
          <reporter-output>
          </reporter-output>
        </test-method> <!-- after -->
      </class> <!-- tests.ABE_CloseIslamicCasaAccount_MudarabahCasa_Test -->
    </test> <!-- Islamic Casa Account -->
  </suite> <!-- Suite -->
</testng-results>
