<?xml version="1.0" encoding="UTF-8"?>
<testng-results ignored="0" total="1" passed="1" failed="0" skipped="0">
  <reporter-output>
  </reporter-output>
  <suite started-at="2023-09-07T11:25:51 EEST" name="Suite" finished-at="2023-09-07T11:26:35 EEST" duration-ms="44280">
    <groups>
    </groups>
    <test started-at="2023-09-07T11:25:51 EEST" name="Islamic Savings Account" finished-at="2023-09-07T11:26:35 EEST" duration-ms="44280">
      <class name="tests.ABE_OpenIslamicSavingsAccount_MudarabahSBA">
        <test-method is-config="true" signature="setAllureEnvironment()[pri:0, instance:tests.ABE_OpenIslamicSavingsAccount_MudarabahSBA@4ba380c7]" started-at="2023-09-07T11:25:51 EEST" name="setAllureEnvironment" finished-at="2023-09-07T11:25:51 EEST" duration-ms="177" status="PASS">
          <reporter-output>
          </reporter-output>
        </test-method> <!-- setAllureEnvironment -->
        <test-method is-config="true" signature="beforeTest()[pri:0, instance:tests.ABE_OpenIslamicSavingsAccount_MudarabahSBA@4ba380c7]" started-at="2023-09-07T11:25:51 EEST" name="beforeTest" description="Initiating Browser" finished-at="2023-09-07T11:25:56 EEST" duration-ms="4810" status="PASS">
          <reporter-output>
          </reporter-output>
        </test-method> <!-- beforeTest -->
        <test-method signature="test(data.OpenIslamicSavingsAccountData)[pri:0, instance:tests.ABE_OpenIslamicSavingsAccount_MudarabahSBA@4ba380c7]" started-at="2023-09-07T11:25:56 EEST" name="test" data-provider="Open Islamic Savings Account DataProvider" finished-at="2023-09-07T11:26:35 EEST" duration-ms="39216" status="PASS">
          <params>
            <param index="0">
              <value>
                <![CDATA[data.OpenIslamicSavingsAccountData@5ceb51f3]]>
              </value>
            </param>
          </params>
          <reporter-output>
          </reporter-output>
        </test-method> <!-- test -->
        <test-method is-config="true" signature="after()[pri:0, instance:tests.ABE_OpenIslamicSavingsAccount_MudarabahSBA@4ba380c7]" started-at="2023-09-07T11:26:35 EEST" name="after" finished-at="2023-09-07T11:26:35 EEST" duration-ms="65" status="PASS">
          <reporter-output>
          </reporter-output>
        </test-method> <!-- after -->
      </class> <!-- tests.ABE_OpenIslamicSavingsAccount_MudarabahSBA -->
    </test> <!-- Islamic Savings Account -->
  </suite> <!-- Suite -->
</testng-results>
