<?xml version="1.0" encoding="UTF-8"?>
<testng-results ignored="0" total="3" passed="3" failed="0" skipped="0">
  <reporter-output>
  </reporter-output>
  <suite started-at="2023-09-17T14:08:41 EEST" name="Suite" finished-at="2023-09-17T14:10:16 EEST" duration-ms="95373">
    <groups>
      <group name="open">
        <method signature="ABE_OpenIslamicSavingsAccount_MudarabahSBA.test(data.OpenIslamicSavingsAccountData)[pri:0, instance:tests.ABE_OpenIslamicSavingsAccount_MudarabahSBA@3eda0aeb]" name="test" class="tests.ABE_OpenIslamicSavingsAccount_MudarabahSBA"/>
      </group> <!-- open -->
    </groups>
    <test started-at="2023-09-17T14:08:41 EEST" name="Islamic Savings Account" finished-at="2023-09-17T14:10:16 EEST" duration-ms="95373">
      <class name="tests.ABE_OpenIslamicSavingsAccount_MudarabahSBA">
        <test-method is-config="true" signature="oneTimeSetUp()[pri:0, instance:tests.ABE_OpenIslamicSavingsAccount_MudarabahSBA@3eda0aeb]" started-at="2023-09-17T14:08:41 EEST" name="oneTimeSetUp" finished-at="2023-09-17T14:08:41 EEST" duration-ms="84" status="PASS">
          <reporter-output>
          </reporter-output>
        </test-method> <!-- oneTimeSetUp -->
        <test-method is-config="true" signature="beforeTest([Ljava.lang.Object;)[pri:0, instance:tests.ABE_OpenIslamicSavingsAccount_MudarabahSBA@3eda0aeb]" started-at="2023-09-17T14:08:42 EEST" name="beforeTest" description="Initiating Browser" finished-at="2023-09-17T14:08:56 EEST" duration-ms="14214" status="PASS">
          <params>
            <param index="0">
              <value>
                <![CDATA[[Ljava.lang.Object;@4745e9c]]>
              </value>
            </param>
          </params>
          <reporter-output>
          </reporter-output>
        </test-method> <!-- beforeTest -->
        <test-method signature="test(data.OpenIslamicSavingsAccountData)[pri:0, instance:tests.ABE_OpenIslamicSavingsAccount_MudarabahSBA@3eda0aeb]" started-at="2023-09-17T14:08:56 EEST" name="test" data-provider="Open Islamic Savings Account DataProvider" finished-at="2023-09-17T14:09:19 EEST" duration-ms="22572" status="PASS">
          <params>
            <param index="0">
              <value>
                <![CDATA[data.OpenIslamicSavingsAccountData@37f490e9]]>
              </value>
            </param>
          </params>
          <reporter-output>
          </reporter-output>
        </test-method> <!-- test -->
        <test-method is-config="true" signature="after(org.testng.ITestResult)[pri:0, instance:tests.ABE_OpenIslamicSavingsAccount_MudarabahSBA@3eda0aeb]" started-at="2023-09-17T14:09:19 EEST" name="after" finished-at="2023-09-17T14:09:19 EEST" duration-ms="181" status="PASS">
          <params>
            <param index="0">
              <value>
                <![CDATA[[TestResult name=test status=SUCCESS method=ABE_OpenIslamicSavingsAccount_MudarabahSBA.test(data.OpenIslamicSavingsAccountData)[pri:0, instance:tests.ABE_OpenIslamicSavingsAccount_MudarabahSBA@3eda0aeb] output={null}]]]>
              </value>
            </param>
          </params>
          <reporter-output>
          </reporter-output>
        </test-method> <!-- after -->
        <test-method is-config="true" signature="beforeTest([Ljava.lang.Object;)[pri:0, instance:tests.ABE_OpenIslamicSavingsAccount_MudarabahSBA@3eda0aeb]" started-at="2023-09-17T14:09:19 EEST" name="beforeTest" description="Initiating Browser" finished-at="2023-09-17T14:09:24 EEST" duration-ms="5562" status="PASS">
          <params>
            <param index="0">
              <value>
                <![CDATA[[Ljava.lang.Object;@2f2bff16]]>
              </value>
            </param>
          </params>
          <reporter-output>
          </reporter-output>
        </test-method> <!-- beforeTest -->
        <test-method signature="test(data.OpenIslamicSavingsAccountData)[pri:0, instance:tests.ABE_OpenIslamicSavingsAccount_MudarabahSBA@3eda0aeb]" started-at="2023-09-17T14:09:24 EEST" name="test" data-provider="Open Islamic Savings Account DataProvider" finished-at="2023-09-17T14:09:47 EEST" duration-ms="22223" status="PASS">
          <params>
            <param index="0">
              <value>
                <![CDATA[data.OpenIslamicSavingsAccountData@8be14d9]]>
              </value>
            </param>
          </params>
          <reporter-output>
          </reporter-output>
        </test-method> <!-- test -->
        <test-method is-config="true" signature="after(org.testng.ITestResult)[pri:0, instance:tests.ABE_OpenIslamicSavingsAccount_MudarabahSBA@3eda0aeb]" started-at="2023-09-17T14:09:47 EEST" name="after" finished-at="2023-09-17T14:09:47 EEST" duration-ms="176" status="PASS">
          <params>
            <param index="0">
              <value>
                <![CDATA[[TestResult name=test status=SUCCESS method=ABE_OpenIslamicSavingsAccount_MudarabahSBA.test(data.OpenIslamicSavingsAccountData)[pri:0, instance:tests.ABE_OpenIslamicSavingsAccount_MudarabahSBA@3eda0aeb] output={null}]]]>
              </value>
            </param>
          </params>
          <reporter-output>
          </reporter-output>
        </test-method> <!-- after -->
        <test-method is-config="true" signature="beforeTest([Ljava.lang.Object;)[pri:0, instance:tests.ABE_OpenIslamicSavingsAccount_MudarabahSBA@3eda0aeb]" started-at="2023-09-17T14:09:47 EEST" name="beforeTest" description="Initiating Browser" finished-at="2023-09-17T14:09:53 EEST" duration-ms="6620" status="PASS">
          <params>
            <param index="0">
              <value>
                <![CDATA[[Ljava.lang.Object;@75de29c0]]>
              </value>
            </param>
          </params>
          <reporter-output>
          </reporter-output>
        </test-method> <!-- beforeTest -->
        <test-method signature="test(data.OpenIslamicSavingsAccountData)[pri:0, instance:tests.ABE_OpenIslamicSavingsAccount_MudarabahSBA@3eda0aeb]" started-at="2023-09-17T14:09:53 EEST" name="test" data-provider="Open Islamic Savings Account DataProvider" finished-at="2023-09-17T14:10:16 EEST" duration-ms="22773" status="PASS">
          <params>
            <param index="0">
              <value>
                <![CDATA[data.OpenIslamicSavingsAccountData@7f8d7843]]>
              </value>
            </param>
          </params>
          <reporter-output>
          </reporter-output>
        </test-method> <!-- test -->
        <test-method is-config="true" signature="after(org.testng.ITestResult)[pri:0, instance:tests.ABE_OpenIslamicSavingsAccount_MudarabahSBA@3eda0aeb]" started-at="2023-09-17T14:10:16 EEST" name="after" finished-at="2023-09-17T14:10:16 EEST" duration-ms="166" status="PASS">
          <params>
            <param index="0">
              <value>
                <![CDATA[[TestResult name=test status=SUCCESS method=ABE_OpenIslamicSavingsAccount_MudarabahSBA.test(data.OpenIslamicSavingsAccountData)[pri:0, instance:tests.ABE_OpenIslamicSavingsAccount_MudarabahSBA@3eda0aeb] output={null}]]]>
              </value>
            </param>
          </params>
          <reporter-output>
          </reporter-output>
        </test-method> <!-- after -->
      </class> <!-- tests.ABE_OpenIslamicSavingsAccount_MudarabahSBA -->
    </test> <!-- Islamic Savings Account -->
  </suite> <!-- Suite -->
</testng-results>
