<?xml version="1.0" encoding="UTF-8"?>
<testng-results ignored="0" total="6" passed="2" failed="4" skipped="0">
  <reporter-output>
  </reporter-output>
  <suite started-at="2023-09-04T13:44:14 EEST" name="Suite" finished-at="2023-09-04T13:45:36 EEST" duration-ms="82012">
    <groups>
    </groups>
    <test started-at="2023-09-04T13:44:14 EEST" name="Open Islamic Savings Account" finished-at="2023-09-04T13:45:36 EEST" duration-ms="82012">
      <class name="tests.ABE_OpenIslamicSavingsAccount_MudarabahSBA">
        <test-method is-config="true" signature="setAllureEnvironment()[pri:0, instance:tests.ABE_OpenIslamicSavingsAccount_MudarabahSBA@5e2f3be5]" started-at="2023-09-04T13:44:14 EEST" name="setAllureEnvironment" finished-at="2023-09-04T13:44:14 EEST" duration-ms="207" status="PASS">
          <reporter-output>
          </reporter-output>
        </test-method> <!-- setAllureEnvironment -->
        <test-method is-config="true" signature="beforeTest()[pri:0, instance:tests.ABE_OpenIslamicSavingsAccount_MudarabahSBA@5e2f3be5]" started-at="2023-09-04T13:44:14 EEST" name="beforeTest" description="Initiating Browser" finished-at="2023-09-04T13:44:21 EEST" duration-ms="7011" status="PASS">
          <reporter-output>
          </reporter-output>
        </test-method> <!-- beforeTest -->
        <test-method signature="test(java.lang.String,java.lang.String,java.lang.String,java.lang.String)[pri:0, instance:tests.ABE_OpenIslamicSavingsAccount_MudarabahSBA@5e2f3be5]" started-at="2023-09-04T13:44:21 EEST" name="test" description="FCB-9792" data-provider="OpenIslamicSavingsAccountDataProvider" finished-at="2023-09-04T13:44:33 EEST" duration-ms="11197" status="FAIL">
          <params>
            <param index="0">
              <value>
                <![CDATA[OISAC]]>
              </value>
            </param>
            <param index="1">
              <value>
                <![CDATA[QA46]]>
              </value>
            </param>
            <param index="2">
              <value>
                <![CDATA[Infy@123]]>
              </value>
            </param>
            <param index="3">
              <value>
                <![CDATA[1234567]]>
              </value>
            </param>
          </params>
          <exception class="org.openqa.selenium.UnhandledAlertException">
            <message>
              <![CDATA[unexpected alert open: {Alert text : The menu option is invalid or it is not available for the user.}
  (Session info: chrome=90.0.4430.72): The menu option is invalid or it is not available for the user.
Build info: version: '3.141.59', revision: 'e82be7d358', time: '2018-11-14T08:17:03'
System info: host: 'F1TESTCORE2', ip: '10.10.23.242', os.name: 'Windows 10', os.arch: 'amd64', os.version: '10.0', java.version: '17.0.8'
Driver info: org.openqa.selenium.remote.RemoteWebDriver
Capabilities {acceptInsecureCerts: false, browserName: chrome, browserVersion: 90.0.4430.72, chrome: {chromedriverVersion: 90.0.4430.24 (4c6d850f087da..., userDataDir: C:\Users\AMMAR~1.SHA\AppDat...}, goog:chromeOptions: {debuggerAddress: localhost:56742}, javascriptEnabled: true, networkConnectionEnabled: false, pageLoadStrategy: normal, platform: WINDOWS, platformName: WINDOWS, proxy: Proxy(), setWindowRect: true, strictFileInteractability: false, timeouts: {implicit: 0, pageLoad: 300000, script: 30000}, unhandledPromptBehavior: dismiss and notify, webauthn:extension:largeBlob: true, webauthn:virtualAuthenticators: true, webdriver.remote.sessionid: 2579862f972812672e34274ec14...}
Session ID: 2579862f972812672e34274ec1480f0d]]>
            </message>
            <full-stacktrace>
              <![CDATA[org.openqa.selenium.UnhandledAlertException: unexpected alert open: {Alert text : The menu option is invalid or it is not available for the user.}
  (Session info: chrome=90.0.4430.72): The menu option is invalid or it is not available for the user.
Build info: version: '3.141.59', revision: 'e82be7d358', time: '2018-11-14T08:17:03'
System info: host: 'F1TESTCORE2', ip: '10.10.23.242', os.name: 'Windows 10', os.arch: 'amd64', os.version: '10.0', java.version: '17.0.8'
Driver info: org.openqa.selenium.remote.RemoteWebDriver
Capabilities {acceptInsecureCerts: false, browserName: chrome, browserVersion: 90.0.4430.72, chrome: {chromedriverVersion: 90.0.4430.24 (4c6d850f087da..., userDataDir: C:\Users\AMMAR~1.SHA\AppDat...}, goog:chromeOptions: {debuggerAddress: localhost:56742}, javascriptEnabled: true, networkConnectionEnabled: false, pageLoadStrategy: normal, platform: WINDOWS, platformName: WINDOWS, proxy: Proxy(), setWindowRect: true, strictFileInteractability: false, timeouts: {implicit: 0, pageLoad: 300000, script: 30000}, unhandledPromptBehavior: dismiss and notify, webauthn:extension:largeBlob: true, webauthn:virtualAuthenticators: true, webdriver.remote.sessionid: 2579862f972812672e34274ec14...}
Session ID: 2579862f972812672e34274ec1480f0d
at org.openqa.selenium.remote.http.W3CHttpResponseCodec.decode(W3CHttpResponseCodec.java:120)
at org.openqa.selenium.remote.http.W3CHttpResponseCodec.decode(W3CHttpResponseCodec.java:49)
at org.openqa.selenium.remote.HttpCommandExecutor.execute(HttpCommandExecutor.java:158)
at org.openqa.selenium.remote.RemoteWebDriver.execute(RemoteWebDriver.java:552)
at org.openqa.selenium.remote.RemoteWebDriver.execute(RemoteWebDriver.java:609)
at org.openqa.selenium.remote.RemoteWebDriver$RemoteTargetLocator.parentFrame(RemoteWebDriver.java:897)
at pageobjects.OpenSavingsAccountPage.addAccountDetails(OpenSavingsAccountPage.java:41)
at procedures.OpenSavingsAccountProcedures.IslamicSavingsAccount_Maker(OpenSavingsAccountProcedures.java:10)
at tests.ABE_OpenIslamicSavingsAccount_MudarabahSBA.test(ABE_OpenIslamicSavingsAccount_MudarabahSBA.java:48)
at java.base/jdk.internal.reflect.NativeMethodAccessorImpl.invoke0(Native Method)
at java.base/jdk.internal.reflect.NativeMethodAccessorImpl.invoke(NativeMethodAccessorImpl.java:77)
at java.base/jdk.internal.reflect.DelegatingMethodAccessorImpl.invoke(DelegatingMethodAccessorImpl.java:43)
at java.base/java.lang.reflect.Method.invoke(Method.java:568)
at org.testng.internal.invokers.MethodInvocationHelper.invokeMethod(MethodInvocationHelper.java:139)
at org.testng.internal.invokers.TestInvoker.invokeMethod(TestInvoker.java:664)
at org.testng.internal.invokers.TestInvoker.invokeTestMethod(TestInvoker.java:227)
at org.testng.internal.invokers.MethodRunner.runInSequence(MethodRunner.java:50)
at org.testng.internal.invokers.TestInvoker$MethodInvocationAgent.invoke(TestInvoker.java:957)
at org.testng.internal.invokers.TestInvoker.invokeTestMethods(TestInvoker.java:200)
at org.testng.internal.invokers.TestMethodWorker.invokeTestMethods(TestMethodWorker.java:148)
at org.testng.internal.invokers.TestMethodWorker.run(TestMethodWorker.java:128)
at java.base/java.util.concurrent.ThreadPoolExecutor.runWorker(ThreadPoolExecutor.java:1136)
at java.base/java.util.concurrent.ThreadPoolExecutor$Worker.run(ThreadPoolExecutor.java:635)
at java.base/java.lang.Thread.run(Thread.java:833)
]]>
            </full-stacktrace>
          </exception> <!-- org.openqa.selenium.UnhandledAlertException -->
          <reporter-output>
          </reporter-output>
        </test-method> <!-- test -->
        <test-method is-config="true" signature="after()[pri:0, instance:tests.ABE_OpenIslamicSavingsAccount_MudarabahSBA@5e2f3be5]" started-at="2023-09-04T13:44:33 EEST" name="after" finished-at="2023-09-04T13:44:34 EEST" duration-ms="1458" status="PASS">
          <reporter-output>
          </reporter-output>
        </test-method> <!-- after -->
        <test-method is-config="true" signature="beforeTest()[pri:0, instance:tests.ABE_OpenIslamicSavingsAccount_MudarabahSBA@5e2f3be5]" started-at="2023-09-04T13:44:34 EEST" name="beforeTest" description="Initiating Browser" finished-at="2023-09-04T13:44:40 EEST" duration-ms="6295" status="PASS">
          <reporter-output>
          </reporter-output>
        </test-method> <!-- beforeTest -->
        <test-method signature="test(java.lang.String,java.lang.String,java.lang.String,java.lang.String)[pri:0, instance:tests.ABE_OpenIslamicSavingsAccount_MudarabahSBA@5e2f3be5]" started-at="2023-09-04T13:44:40 EEST" name="test" description="FCB-9792" data-provider="OpenIslamicSavingsAccountDataProvider" finished-at="2023-09-04T13:45:08 EEST" duration-ms="27904" status="PASS">
          <params>
            <param index="0">
              <value>
                <![CDATA[OISAC]]>
              </value>
            </param>
            <param index="1">
              <value>
                <![CDATA[QA47]]>
              </value>
            </param>
            <param index="2">
              <value>
                <![CDATA[Infy@123]]>
              </value>
            </param>
            <param index="3">
              <value>
                <![CDATA[1234567]]>
              </value>
            </param>
          </params>
          <reporter-output>
          </reporter-output>
        </test-method> <!-- test -->
        <test-method is-config="true" signature="after()[pri:0, instance:tests.ABE_OpenIslamicSavingsAccount_MudarabahSBA@5e2f3be5]" started-at="2023-09-04T13:45:08 EEST" name="after" finished-at="2023-09-04T13:45:08 EEST" duration-ms="37" status="PASS">
          <reporter-output>
          </reporter-output>
        </test-method> <!-- after -->
        <test-method is-config="true" signature="beforeTest()[pri:0, instance:tests.ABE_OpenIslamicSavingsAccount_MudarabahSBA@5e2f3be5]" started-at="2023-09-04T13:45:08 EEST" name="beforeTest" description="Initiating Browser" finished-at="2023-09-04T13:45:20 EEST" duration-ms="11654" status="PASS">
          <reporter-output>
          </reporter-output>
        </test-method> <!-- beforeTest -->
        <test-method signature="test(java.lang.String,java.lang.String,java.lang.String,java.lang.String)[pri:0, instance:tests.ABE_OpenIslamicSavingsAccount_MudarabahSBA@5e2f3be5]" started-at="2023-09-04T13:45:20 EEST" name="test" description="FCB-9792" data-provider="OpenIslamicSavingsAccountDataProvider" finished-at="2023-09-04T13:45:33 EEST" duration-ms="12471" status="FAIL">
          <params>
            <param index="0">
              <value>
                <![CDATA[OISAC]]>
              </value>
            </param>
            <param index="1">
              <value>
                <![CDATA[QA48]]>
              </value>
            </param>
            <param index="2">
              <value>
                <![CDATA[Ali@12345]]>
              </value>
            </param>
            <param index="3">
              <value>
                <![CDATA[1234567]]>
              </value>
            </param>
          </params>
          <exception class="org.openqa.selenium.UnhandledAlertException">
            <message>
              <![CDATA[unexpected alert open: {Alert text : The menu option is invalid or it is not available for the user.}
  (Session info: chrome=90.0.4430.72): The menu option is invalid or it is not available for the user.
Build info: version: '3.141.59', revision: 'e82be7d358', time: '2018-11-14T08:17:03'
System info: host: 'F1TESTCORE2', ip: '10.10.23.242', os.name: 'Windows 10', os.arch: 'amd64', os.version: '10.0', java.version: '17.0.8'
Driver info: org.openqa.selenium.remote.RemoteWebDriver
Capabilities {acceptInsecureCerts: false, browserName: chrome, browserVersion: 90.0.4430.72, chrome: {chromedriverVersion: 90.0.4430.24 (4c6d850f087da..., userDataDir: C:\Users\AMMAR~1.SHA\AppDat...}, goog:chromeOptions: {debuggerAddress: localhost:56847}, javascriptEnabled: true, networkConnectionEnabled: false, pageLoadStrategy: normal, platform: WINDOWS, platformName: WINDOWS, proxy: Proxy(), setWindowRect: true, strictFileInteractability: false, timeouts: {implicit: 0, pageLoad: 300000, script: 30000}, unhandledPromptBehavior: dismiss and notify, webauthn:extension:largeBlob: true, webauthn:virtualAuthenticators: true, webdriver.remote.sessionid: fa960d1a2c453d2ed85e1581e9b...}
Session ID: fa960d1a2c453d2ed85e1581e9b9e3cc]]>
            </message>
            <full-stacktrace>
              <![CDATA[org.openqa.selenium.UnhandledAlertException: unexpected alert open: {Alert text : The menu option is invalid or it is not available for the user.}
  (Session info: chrome=90.0.4430.72): The menu option is invalid or it is not available for the user.
Build info: version: '3.141.59', revision: 'e82be7d358', time: '2018-11-14T08:17:03'
System info: host: 'F1TESTCORE2', ip: '10.10.23.242', os.name: 'Windows 10', os.arch: 'amd64', os.version: '10.0', java.version: '17.0.8'
Driver info: org.openqa.selenium.remote.RemoteWebDriver
Capabilities {acceptInsecureCerts: false, browserName: chrome, browserVersion: 90.0.4430.72, chrome: {chromedriverVersion: 90.0.4430.24 (4c6d850f087da..., userDataDir: C:\Users\AMMAR~1.SHA\AppDat...}, goog:chromeOptions: {debuggerAddress: localhost:56847}, javascriptEnabled: true, networkConnectionEnabled: false, pageLoadStrategy: normal, platform: WINDOWS, platformName: WINDOWS, proxy: Proxy(), setWindowRect: true, strictFileInteractability: false, timeouts: {implicit: 0, pageLoad: 300000, script: 30000}, unhandledPromptBehavior: dismiss and notify, webauthn:extension:largeBlob: true, webauthn:virtualAuthenticators: true, webdriver.remote.sessionid: fa960d1a2c453d2ed85e1581e9b...}
Session ID: fa960d1a2c453d2ed85e1581e9b9e3cc
at org.openqa.selenium.remote.http.W3CHttpResponseCodec.decode(W3CHttpResponseCodec.java:120)
at org.openqa.selenium.remote.http.W3CHttpResponseCodec.decode(W3CHttpResponseCodec.java:49)
at org.openqa.selenium.remote.HttpCommandExecutor.execute(HttpCommandExecutor.java:158)
at org.openqa.selenium.remote.RemoteWebDriver.execute(RemoteWebDriver.java:552)
at org.openqa.selenium.remote.RemoteWebDriver.execute(RemoteWebDriver.java:609)
at org.openqa.selenium.remote.RemoteWebDriver$RemoteTargetLocator.parentFrame(RemoteWebDriver.java:897)
at pageobjects.OpenSavingsAccountPage.addAccountDetails(OpenSavingsAccountPage.java:41)
at procedures.OpenSavingsAccountProcedures.IslamicSavingsAccount_Maker(OpenSavingsAccountProcedures.java:10)
at tests.ABE_OpenIslamicSavingsAccount_MudarabahSBA.test(ABE_OpenIslamicSavingsAccount_MudarabahSBA.java:48)
at java.base/jdk.internal.reflect.NativeMethodAccessorImpl.invoke0(Native Method)
at java.base/jdk.internal.reflect.NativeMethodAccessorImpl.invoke(NativeMethodAccessorImpl.java:77)
at java.base/jdk.internal.reflect.DelegatingMethodAccessorImpl.invoke(DelegatingMethodAccessorImpl.java:43)
at java.base/java.lang.reflect.Method.invoke(Method.java:568)
at org.testng.internal.invokers.MethodInvocationHelper.invokeMethod(MethodInvocationHelper.java:139)
at org.testng.internal.invokers.TestInvoker.invokeMethod(TestInvoker.java:664)
at org.testng.internal.invokers.TestInvoker.invokeTestMethod(TestInvoker.java:227)
at org.testng.internal.invokers.MethodRunner.runInSequence(MethodRunner.java:50)
at org.testng.internal.invokers.TestInvoker$MethodInvocationAgent.invoke(TestInvoker.java:957)
at org.testng.internal.invokers.TestInvoker.invokeTestMethods(TestInvoker.java:200)
at org.testng.internal.invokers.TestMethodWorker.invokeTestMethods(TestMethodWorker.java:148)
at org.testng.internal.invokers.TestMethodWorker.run(TestMethodWorker.java:128)
at java.base/java.util.concurrent.ThreadPoolExecutor.runWorker(ThreadPoolExecutor.java:1136)
at java.base/java.util.concurrent.ThreadPoolExecutor$Worker.run(ThreadPoolExecutor.java:635)
at java.base/java.lang.Thread.run(Thread.java:833)
]]>
            </full-stacktrace>
          </exception> <!-- org.openqa.selenium.UnhandledAlertException -->
          <reporter-output>
          </reporter-output>
        </test-method> <!-- test -->
        <test-method is-config="true" signature="after()[pri:0, instance:tests.ABE_OpenIslamicSavingsAccount_MudarabahSBA@5e2f3be5]" started-at="2023-09-04T13:45:33 EEST" name="after" finished-at="2023-09-04T13:45:33 EEST" duration-ms="213" status="PASS">
          <reporter-output>
          </reporter-output>
        </test-method> <!-- after -->
      </class> <!-- tests.ABE_OpenIslamicSavingsAccount_MudarabahSBA -->
      <class name="tests.ABE_VerifyIslamicSavingsAccount_MudarabahSBA">
        <test-method is-config="true" signature="setAllureEnvironment()[pri:0, instance:tests.ABE_VerifyIslamicSavingsAccount_MudarabahSBA@7186333e]" started-at="2023-09-04T13:44:14 EEST" name="setAllureEnvironment" finished-at="2023-09-04T13:44:14 EEST" duration-ms="4" status="PASS">
          <reporter-output>
          </reporter-output>
        </test-method> <!-- setAllureEnvironment -->
        <test-method is-config="true" signature="beforeTest()[pri:0, instance:tests.ABE_VerifyIslamicSavingsAccount_MudarabahSBA@7186333e]" started-at="2023-09-04T13:44:14 EEST" name="beforeTest" description="Initiating Browser" finished-at="2023-09-04T13:44:22 EEST" duration-ms="7409" status="PASS">
          <reporter-output>
          </reporter-output>
        </test-method> <!-- beforeTest -->
        <test-method signature="test(java.lang.String,java.lang.String,java.lang.String,java.lang.String)[pri:0, instance:tests.ABE_VerifyIslamicSavingsAccount_MudarabahSBA@7186333e]" started-at="2023-09-04T13:44:22 EEST" name="test" description="FCB-9792" data-provider="VerifyIslamicSavingsAccountDataProvider" finished-at="2023-09-04T13:44:59 EEST" duration-ms="36796" status="PASS">
          <params>
            <param index="0">
              <value>
                <![CDATA[VISAO]]>
              </value>
            </param>
            <param index="1">
              <value>
                <![CDATA[ABE22]]>
              </value>
            </param>
            <param index="2">
              <value>
                <![CDATA[Infy@123]]>
              </value>
            </param>
            <param index="3">
              <value>
                <![CDATA[170001103577010034]]>
              </value>
            </param>
          </params>
          <reporter-output>
          </reporter-output>
        </test-method> <!-- test -->
        <test-method is-config="true" signature="after()[pri:0, instance:tests.ABE_VerifyIslamicSavingsAccount_MudarabahSBA@7186333e]" started-at="2023-09-04T13:44:59 EEST" name="after" finished-at="2023-09-04T13:44:59 EEST" duration-ms="40" status="PASS">
          <reporter-output>
          </reporter-output>
        </test-method> <!-- after -->
        <test-method is-config="true" signature="beforeTest()[pri:0, instance:tests.ABE_VerifyIslamicSavingsAccount_MudarabahSBA@7186333e]" started-at="2023-09-04T13:44:59 EEST" name="beforeTest" description="Initiating Browser" finished-at="2023-09-04T13:45:08 EEST" duration-ms="9744" status="PASS">
          <reporter-output>
          </reporter-output>
        </test-method> <!-- beforeTest -->
        <test-method signature="test(java.lang.String,java.lang.String,java.lang.String,java.lang.String)[pri:0, instance:tests.ABE_VerifyIslamicSavingsAccount_MudarabahSBA@7186333e]" started-at="2023-09-04T13:45:08 EEST" name="test" description="FCB-9792" data-provider="VerifyIslamicSavingsAccountDataProvider" finished-at="2023-09-04T13:45:22 EEST" duration-ms="13514" status="FAIL">
          <params>
            <param index="0">
              <value>
                <![CDATA[VISAO]]>
              </value>
            </param>
            <param index="1">
              <value>
                <![CDATA[ABE25]]>
              </value>
            </param>
            <param index="2">
              <value>
                <![CDATA[Infy@123]]>
              </value>
            </param>
            <param index="3">
              <value>
                <![CDATA[170001843540010011]]>
              </value>
            </param>
          </params>
          <exception class="org.openqa.selenium.UnhandledAlertException">
            <message>
              <![CDATA[unexpected alert open: {Alert text : Could not get a token for application.Core_ABE}
  (Session info: chrome=90.0.4430.72): Could not get a token for application.Core_ABE
Build info: version: '3.141.59', revision: 'e82be7d358', time: '2018-11-14T08:17:03'
System info: host: 'F1TESTCORE2', ip: '10.10.23.242', os.name: 'Windows 10', os.arch: 'amd64', os.version: '10.0', java.version: '17.0.8'
Driver info: org.openqa.selenium.remote.RemoteWebDriver
Capabilities {acceptInsecureCerts: false, browserName: chrome, browserVersion: 90.0.4430.72, chrome: {chromedriverVersion: 90.0.4430.24 (4c6d850f087da..., userDataDir: C:\Users\AMMAR~1.SHA\AppDat...}, goog:chromeOptions: {debuggerAddress: localhost:56824}, javascriptEnabled: true, networkConnectionEnabled: false, pageLoadStrategy: normal, platform: WINDOWS, platformName: WINDOWS, proxy: Proxy(), setWindowRect: true, strictFileInteractability: false, timeouts: {implicit: 0, pageLoad: 300000, script: 30000}, unhandledPromptBehavior: dismiss and notify, webauthn:extension:largeBlob: true, webauthn:virtualAuthenticators: true, webdriver.remote.sessionid: b669f7f30dde3f9119fe6c2ded1...}
Session ID: b669f7f30dde3f9119fe6c2ded15ae2c
*** Element info: {Using=xpath, value=(//a[@id='GlobalbgMenu_anchor'])[1]}]]>
            </message>
            <full-stacktrace>
              <![CDATA[org.openqa.selenium.UnhandledAlertException: unexpected alert open: {Alert text : Could not get a token for application.Core_ABE}
  (Session info: chrome=90.0.4430.72): Could not get a token for application.Core_ABE
Build info: version: '3.141.59', revision: 'e82be7d358', time: '2018-11-14T08:17:03'
System info: host: 'F1TESTCORE2', ip: '10.10.23.242', os.name: 'Windows 10', os.arch: 'amd64', os.version: '10.0', java.version: '17.0.8'
Driver info: org.openqa.selenium.remote.RemoteWebDriver
Capabilities {acceptInsecureCerts: false, browserName: chrome, browserVersion: 90.0.4430.72, chrome: {chromedriverVersion: 90.0.4430.24 (4c6d850f087da..., userDataDir: C:\Users\AMMAR~1.SHA\AppDat...}, goog:chromeOptions: {debuggerAddress: localhost:56824}, javascriptEnabled: true, networkConnectionEnabled: false, pageLoadStrategy: normal, platform: WINDOWS, platformName: WINDOWS, proxy: Proxy(), setWindowRect: true, strictFileInteractability: false, timeouts: {implicit: 0, pageLoad: 300000, script: 30000}, unhandledPromptBehavior: dismiss and notify, webauthn:extension:largeBlob: true, webauthn:virtualAuthenticators: true, webdriver.remote.sessionid: b669f7f30dde3f9119fe6c2ded1...}
Session ID: b669f7f30dde3f9119fe6c2ded15ae2c
*** Element info: {Using=xpath, value=(//a[@id='GlobalbgMenu_anchor'])[1]}
at org.openqa.selenium.remote.http.W3CHttpResponseCodec.decode(W3CHttpResponseCodec.java:120)
at org.openqa.selenium.remote.http.W3CHttpResponseCodec.decode(W3CHttpResponseCodec.java:49)
at org.openqa.selenium.remote.HttpCommandExecutor.execute(HttpCommandExecutor.java:158)
at org.openqa.selenium.remote.RemoteWebDriver.execute(RemoteWebDriver.java:552)
at org.openqa.selenium.remote.RemoteWebDriver.findElement(RemoteWebDriver.java:323)
at org.openqa.selenium.remote.RemoteWebDriver.findElementByXPath(RemoteWebDriver.java:428)
at org.openqa.selenium.By$ByXPath.findElement(By.java:353)
at org.openqa.selenium.remote.RemoteWebDriver.findElement(RemoteWebDriver.java:315)
at org.openqa.selenium.support.ui.ExpectedConditions$7.apply(ExpectedConditions.java:205)
at org.openqa.selenium.support.ui.ExpectedConditions$7.apply(ExpectedConditions.java:201)
at org.openqa.selenium.support.ui.ExpectedConditions$22.apply(ExpectedConditions.java:641)
at org.openqa.selenium.support.ui.ExpectedConditions$22.apply(ExpectedConditions.java:638)
at org.openqa.selenium.support.ui.FluentWait.until(FluentWait.java:249)
at utils.PageFunctionUtils.sync(PageFunctionUtils.java:48)
at pageobjects.VerifyIslamicSavingsAccountPage.addAccountDetails(VerifyIslamicSavingsAccountPage.java:44)
at procedures.VerifyIslamicsavingsAccountProcedures.navigateToVerifyIslamicSavingsAccountPage(VerifyIslamicsavingsAccountProcedures.java:11)
at tests.ABE_VerifyIslamicSavingsAccount_MudarabahSBA.test(ABE_VerifyIslamicSavingsAccount_MudarabahSBA.java:48)
at java.base/jdk.internal.reflect.NativeMethodAccessorImpl.invoke0(Native Method)
at java.base/jdk.internal.reflect.NativeMethodAccessorImpl.invoke(NativeMethodAccessorImpl.java:77)
at java.base/jdk.internal.reflect.DelegatingMethodAccessorImpl.invoke(DelegatingMethodAccessorImpl.java:43)
at java.base/java.lang.reflect.Method.invoke(Method.java:568)
at org.testng.internal.invokers.MethodInvocationHelper.invokeMethod(MethodInvocationHelper.java:139)
at org.testng.internal.invokers.TestInvoker.invokeMethod(TestInvoker.java:664)
at org.testng.internal.invokers.TestInvoker.invokeTestMethod(TestInvoker.java:227)
at org.testng.internal.invokers.MethodRunner.runInSequence(MethodRunner.java:50)
at org.testng.internal.invokers.TestInvoker$MethodInvocationAgent.invoke(TestInvoker.java:957)
at org.testng.internal.invokers.TestInvoker.invokeTestMethods(TestInvoker.java:200)
at org.testng.internal.invokers.TestMethodWorker.invokeTestMethods(TestMethodWorker.java:148)
at org.testng.internal.invokers.TestMethodWorker.run(TestMethodWorker.java:128)
at java.base/java.util.concurrent.ThreadPoolExecutor.runWorker(ThreadPoolExecutor.java:1136)
at java.base/java.util.concurrent.ThreadPoolExecutor$Worker.run(ThreadPoolExecutor.java:635)
at java.base/java.lang.Thread.run(Thread.java:833)
]]>
            </full-stacktrace>
          </exception> <!-- org.openqa.selenium.UnhandledAlertException -->
          <reporter-output>
          </reporter-output>
        </test-method> <!-- test -->
        <test-method is-config="true" signature="after()[pri:0, instance:tests.ABE_VerifyIslamicSavingsAccount_MudarabahSBA@7186333e]" started-at="2023-09-04T13:45:22 EEST" name="after" finished-at="2023-09-04T13:45:22 EEST" duration-ms="337" status="PASS">
          <reporter-output>
          </reporter-output>
        </test-method> <!-- after -->
        <test-method is-config="true" signature="beforeTest()[pri:0, instance:tests.ABE_VerifyIslamicSavingsAccount_MudarabahSBA@7186333e]" started-at="2023-09-04T13:45:22 EEST" name="beforeTest" description="Initiating Browser" finished-at="2023-09-04T13:45:29 EEST" duration-ms="7314" status="PASS">
          <reporter-output>
          </reporter-output>
        </test-method> <!-- beforeTest -->
        <test-method signature="test(java.lang.String,java.lang.String,java.lang.String,java.lang.String)[pri:0, instance:tests.ABE_VerifyIslamicSavingsAccount_MudarabahSBA@7186333e]" started-at="2023-09-04T13:45:29 EEST" name="test" description="FCB-9792" data-provider="VerifyIslamicSavingsAccountDataProvider" finished-at="2023-09-04T13:45:36 EEST" duration-ms="6618" status="FAIL">
          <params>
            <param index="0">
              <value>
                <![CDATA[VISAO]]>
              </value>
            </param>
            <param index="1">
              <value>
                <![CDATA[ABE26]]>
              </value>
            </param>
            <param index="2">
              <value>
                <![CDATA[Infy@123]]>
              </value>
            </param>
            <param index="3">
              <value>
                <![CDATA[170001843540010028]]>
              </value>
            </param>
          </params>
          <exception class="org.openqa.selenium.UnhandledAlertException">
            <message>
              <![CDATA[unexpected alert open: {Alert text : Could not get a token for application.Core_ABE}
  (Session info: chrome=90.0.4430.72): Could not get a token for application.Core_ABE
Build info: version: '3.141.59', revision: 'e82be7d358', time: '2018-11-14T08:17:03'
System info: host: 'F1TESTCORE2', ip: '10.10.23.242', os.name: 'Windows 10', os.arch: 'amd64', os.version: '10.0', java.version: '17.0.8'
Driver info: org.openqa.selenium.remote.RemoteWebDriver
Capabilities {acceptInsecureCerts: false, browserName: chrome, browserVersion: 90.0.4430.72, chrome: {chromedriverVersion: 90.0.4430.24 (4c6d850f087da..., userDataDir: C:\Users\AMMAR~1.SHA\AppDat...}, goog:chromeOptions: {debuggerAddress: localhost:56868}, javascriptEnabled: true, networkConnectionEnabled: false, pageLoadStrategy: normal, platform: WINDOWS, platformName: WINDOWS, proxy: Proxy(), setWindowRect: true, strictFileInteractability: false, timeouts: {implicit: 0, pageLoad: 300000, script: 30000}, unhandledPromptBehavior: dismiss and notify, webauthn:extension:largeBlob: true, webauthn:virtualAuthenticators: true, webdriver.remote.sessionid: bb3e2f92302e5f99aa93eaf8625...}
Session ID: bb3e2f92302e5f99aa93eaf8625dd63a
*** Element info: {Using=xpath, value=(//a[@id='GlobalbgMenu_anchor'])[1]}]]>
            </message>
            <full-stacktrace>
              <![CDATA[org.openqa.selenium.UnhandledAlertException: unexpected alert open: {Alert text : Could not get a token for application.Core_ABE}
  (Session info: chrome=90.0.4430.72): Could not get a token for application.Core_ABE
Build info: version: '3.141.59', revision: 'e82be7d358', time: '2018-11-14T08:17:03'
System info: host: 'F1TESTCORE2', ip: '10.10.23.242', os.name: 'Windows 10', os.arch: 'amd64', os.version: '10.0', java.version: '17.0.8'
Driver info: org.openqa.selenium.remote.RemoteWebDriver
Capabilities {acceptInsecureCerts: false, browserName: chrome, browserVersion: 90.0.4430.72, chrome: {chromedriverVersion: 90.0.4430.24 (4c6d850f087da..., userDataDir: C:\Users\AMMAR~1.SHA\AppDat...}, goog:chromeOptions: {debuggerAddress: localhost:56868}, javascriptEnabled: true, networkConnectionEnabled: false, pageLoadStrategy: normal, platform: WINDOWS, platformName: WINDOWS, proxy: Proxy(), setWindowRect: true, strictFileInteractability: false, timeouts: {implicit: 0, pageLoad: 300000, script: 30000}, unhandledPromptBehavior: dismiss and notify, webauthn:extension:largeBlob: true, webauthn:virtualAuthenticators: true, webdriver.remote.sessionid: bb3e2f92302e5f99aa93eaf8625...}
Session ID: bb3e2f92302e5f99aa93eaf8625dd63a
*** Element info: {Using=xpath, value=(//a[@id='GlobalbgMenu_anchor'])[1]}
at org.openqa.selenium.remote.http.W3CHttpResponseCodec.decode(W3CHttpResponseCodec.java:120)
at org.openqa.selenium.remote.http.W3CHttpResponseCodec.decode(W3CHttpResponseCodec.java:49)
at org.openqa.selenium.remote.HttpCommandExecutor.execute(HttpCommandExecutor.java:158)
at org.openqa.selenium.remote.RemoteWebDriver.execute(RemoteWebDriver.java:552)
at org.openqa.selenium.remote.RemoteWebDriver.findElement(RemoteWebDriver.java:323)
at org.openqa.selenium.remote.RemoteWebDriver.findElementByXPath(RemoteWebDriver.java:428)
at org.openqa.selenium.By$ByXPath.findElement(By.java:353)
at org.openqa.selenium.remote.RemoteWebDriver.findElement(RemoteWebDriver.java:315)
at org.openqa.selenium.support.ui.ExpectedConditions$7.apply(ExpectedConditions.java:205)
at org.openqa.selenium.support.ui.ExpectedConditions$7.apply(ExpectedConditions.java:201)
at org.openqa.selenium.support.ui.ExpectedConditions$22.apply(ExpectedConditions.java:641)
at org.openqa.selenium.support.ui.ExpectedConditions$22.apply(ExpectedConditions.java:638)
at org.openqa.selenium.support.ui.FluentWait.until(FluentWait.java:249)
at utils.PageFunctionUtils.sync(PageFunctionUtils.java:48)
at pageobjects.VerifyIslamicSavingsAccountPage.addAccountDetails(VerifyIslamicSavingsAccountPage.java:44)
at procedures.VerifyIslamicsavingsAccountProcedures.navigateToVerifyIslamicSavingsAccountPage(VerifyIslamicsavingsAccountProcedures.java:11)
at tests.ABE_VerifyIslamicSavingsAccount_MudarabahSBA.test(ABE_VerifyIslamicSavingsAccount_MudarabahSBA.java:48)
at java.base/jdk.internal.reflect.NativeMethodAccessorImpl.invoke0(Native Method)
at java.base/jdk.internal.reflect.NativeMethodAccessorImpl.invoke(NativeMethodAccessorImpl.java:77)
at java.base/jdk.internal.reflect.DelegatingMethodAccessorImpl.invoke(DelegatingMethodAccessorImpl.java:43)
at java.base/java.lang.reflect.Method.invoke(Method.java:568)
at org.testng.internal.invokers.MethodInvocationHelper.invokeMethod(MethodInvocationHelper.java:139)
at org.testng.internal.invokers.TestInvoker.invokeMethod(TestInvoker.java:664)
at org.testng.internal.invokers.TestInvoker.invokeTestMethod(TestInvoker.java:227)
at org.testng.internal.invokers.MethodRunner.runInSequence(MethodRunner.java:50)
at org.testng.internal.invokers.TestInvoker$MethodInvocationAgent.invoke(TestInvoker.java:957)
at org.testng.internal.invokers.TestInvoker.invokeTestMethods(TestInvoker.java:200)
at org.testng.internal.invokers.TestMethodWorker.invokeTestMethods(TestMethodWorker.java:148)
at org.testng.internal.invokers.TestMethodWorker.run(TestMethodWorker.java:128)
at java.base/java.util.concurrent.ThreadPoolExecutor.runWorker(ThreadPoolExecutor.java:1136)
at java.base/java.util.concurrent.ThreadPoolExecutor$Worker.run(ThreadPoolExecutor.java:635)
at java.base/java.lang.Thread.run(Thread.java:833)
]]>
            </full-stacktrace>
          </exception> <!-- org.openqa.selenium.UnhandledAlertException -->
          <reporter-output>
          </reporter-output>
        </test-method> <!-- test -->
        <test-method is-config="true" signature="after()[pri:0, instance:tests.ABE_VerifyIslamicSavingsAccount_MudarabahSBA@7186333e]" started-at="2023-09-04T13:45:36 EEST" name="after" finished-at="2023-09-04T13:45:36 EEST" duration-ms="91" status="PASS">
          <reporter-output>
          </reporter-output>
        </test-method> <!-- after -->
      </class> <!-- tests.ABE_VerifyIslamicSavingsAccount_MudarabahSBA -->
    </test> <!-- Open Islamic Savings Account -->
  </suite> <!-- Suite -->
</testng-results>
