<?xml version="1.0" encoding="UTF-8"?>
<testng-results ignored="0" total="2" passed="2" failed="0" skipped="0">
  <reporter-output>
  </reporter-output>
  <suite started-at="2023-09-21T16:03:16 EEST" name="Suite" finished-at="2023-09-21T16:04:40 EEST" duration-ms="83729">
    <groups>
      <group name="verify">
        <method signature="ABE_VerifyIslamicCurrentAccount_MudarabahCAA.verifyIslamicCurrentAccountTest(data.VerifyIslamicCurrentAccountData)[pri:0, instance:tests.ABE_VerifyIslamicCurrentAccount_MudarabahCAA@7c251f90]" name="verifyIslamicCurrentAccountTest" class="tests.ABE_VerifyIslamicCurrentAccount_MudarabahCAA"/>
      </group> <!-- verify -->
      <group name="open">
        <method signature="ABE_OpenIslamicCurrentAccount_MudarabahCAA.openIslamicCurrentAccount(data.OpenIslamicCurrentAccountData)[pri:0, instance:tests.ABE_OpenIslamicCurrentAccount_MudarabahCAA@25d2f66]" name="openIslamicCurrentAccount" class="tests.ABE_OpenIslamicCurrentAccount_MudarabahCAA"/>
      </group> <!-- open -->
    </groups>
    <test started-at="2023-09-21T16:03:16 EEST" name="Islamic Savings Account" finished-at="2023-09-21T16:04:40 EEST" duration-ms="83729">
      <class name="tests.ABE_VerifyIslamicCurrentAccount_MudarabahCAA">
        <test-method is-config="true" signature="beforeTest([Ljava.lang.Object;)[pri:0, instance:tests.ABE_VerifyIslamicCurrentAccount_MudarabahCAA@7c251f90]" started-at="2023-09-21T16:03:53 EEST" name="beforeTest" description="Initiating Browser" finished-at="2023-09-21T16:04:09 EEST" duration-ms="15378" status="PASS">
          <params>
            <param index="0">
              <value>
                <![CDATA[[Ljava.lang.Object;@119aa36]]>
              </value>
            </param>
          </params>
          <reporter-output>
          </reporter-output>
        </test-method> <!-- beforeTest -->
        <test-method signature="verifyIslamicCurrentAccountTest(data.VerifyIslamicCurrentAccountData)[pri:0, instance:tests.ABE_VerifyIslamicCurrentAccount_MudarabahCAA@7c251f90]" started-at="2023-09-21T16:04:09 EEST" name="verifyIslamicCurrentAccountTest" data-provider="Verify Islamic Current Account DataProvider" depends-on-groups="open" finished-at="2023-09-21T16:04:39 EEST" duration-ms="30131" status="PASS">
          <params>
            <param index="0">
              <value>
                <![CDATA[VerifyIslamicCurrentAccountData Testcase ID: FCB-9836, Summary: IslamicBanking_MudarabahCAA_Verify_IslamicCurrentAccount_Corporate_CACO_ByChecker_B1, Username: QA47, Password: Infy@123, Menu: VICAO, Account ID: '161006251769010119, Expected Result: The current account is approved successfully.]]>
              </value>
            </param>
          </params>
          <reporter-output>
          </reporter-output>
        </test-method> <!-- verifyIslamicCurrentAccountTest -->
        <test-method is-config="true" signature="after(org.testng.ITestResult)[pri:0, instance:tests.ABE_VerifyIslamicCurrentAccount_MudarabahCAA@7c251f90]" started-at="2023-09-21T16:04:39 EEST" name="after" finished-at="2023-09-21T16:04:40 EEST" duration-ms="1188" status="PASS">
          <params>
            <param index="0">
              <value>
                <![CDATA[[TestResult name=verifyIslamicCurrentAccountTest status=SUCCESS method=ABE_VerifyIslamicCurrentAccount_MudarabahCAA.verifyIslamicCurrentAccountTest(data.VerifyIslamicCurrentAccountData)[pri:0, instance:tests.ABE_VerifyIslamicCurrentAccount_MudarabahCAA@7c251f90] output={null}]]]>
              </value>
            </param>
          </params>
          <reporter-output>
          </reporter-output>
        </test-method> <!-- after -->
      </class> <!-- tests.ABE_VerifyIslamicCurrentAccount_MudarabahCAA -->
      <class name="tests.ABE_OpenIslamicCurrentAccount_MudarabahCAA">
        <test-method is-config="true" signature="oneTimeSetUp()[pri:0, instance:tests.ABE_OpenIslamicCurrentAccount_MudarabahCAA@25d2f66]" started-at="2023-09-21T16:03:16 EEST" name="oneTimeSetUp" finished-at="2023-09-21T16:03:16 EEST" duration-ms="67" status="PASS">
          <reporter-output>
          </reporter-output>
        </test-method> <!-- oneTimeSetUp -->
        <test-method is-config="true" signature="beforeTest([Ljava.lang.Object;)[pri:0, instance:tests.ABE_OpenIslamicCurrentAccount_MudarabahCAA@25d2f66]" started-at="2023-09-21T16:03:17 EEST" name="beforeTest" description="Initiating Browser" finished-at="2023-09-21T16:03:23 EEST" duration-ms="6017" status="PASS">
          <params>
            <param index="0">
              <value>
                <![CDATA[[Ljava.lang.Object;@70972170]]>
              </value>
            </param>
          </params>
          <reporter-output>
          </reporter-output>
        </test-method> <!-- beforeTest -->
        <test-method signature="openIslamicCurrentAccount(data.OpenIslamicCurrentAccountData)[pri:0, instance:tests.ABE_OpenIslamicCurrentAccount_MudarabahCAA@25d2f66]" started-at="2023-09-21T16:03:23 EEST" name="openIslamicCurrentAccount" data-provider="Open Islamic Current Account DataProvider" finished-at="2023-09-21T16:03:53 EEST" duration-ms="29944" status="PASS">
          <params>
            <param index="0">
              <value>
                <![CDATA[OpenIslamicCurrentAccountData Testcase ID: FCB-9827, Summary: IslamicBanking_MudarabahCAA_Open_IslamicCurrentAccount_Corporate_CACO_ByMaker_A1, Username: QA46, Password: Infy@123, Menu: OICAC, CIF ID: 6251769, Scheme Code: 1610, General Ledger Subhead Code: 21901, Expected Result: The current account is opened successfully., Linked Testcase ID: FCB-9836]]>
              </value>
            </param>
          </params>
          <reporter-output>
          </reporter-output>
        </test-method> <!-- openIslamicCurrentAccount -->
        <test-method is-config="true" signature="after(org.testng.ITestResult)[pri:0, instance:tests.ABE_OpenIslamicCurrentAccount_MudarabahCAA@25d2f66]" started-at="2023-09-21T16:03:53 EEST" name="after" finished-at="2023-09-21T16:03:53 EEST" duration-ms="183" status="PASS">
          <params>
            <param index="0">
              <value>
                <![CDATA[[TestResult name=openIslamicCurrentAccount status=SUCCESS method=ABE_OpenIslamicCurrentAccount_MudarabahCAA.openIslamicCurrentAccount(data.OpenIslamicCurrentAccountData)[pri:0, instance:tests.ABE_OpenIslamicCurrentAccount_MudarabahCAA@25d2f66] output={null}]]]>
              </value>
            </param>
          </params>
          <reporter-output>
          </reporter-output>
        </test-method> <!-- after -->
      </class> <!-- tests.ABE_OpenIslamicCurrentAccount_MudarabahCAA -->
    </test> <!-- Islamic Savings Account -->
  </suite> <!-- Suite -->
</testng-results>
