<?xml version="1.0" encoding="UTF-8"?>
<testng-results ignored="0" total="1" passed="1" failed="0" skipped="0">
  <reporter-output>
  </reporter-output>
  <suite started-at="2023-09-27T13:49:16 EEST" name="Suite" finished-at="2023-09-27T13:50:00 EEST" duration-ms="43655">
    <groups>
      <group name="CreateACH">
        <method signature="CreateAchOutward_Test.CreateAchOutward(data.CreateAchOutwardData)[pri:0, instance:tests.CreateAchOutward_Test@73d3e555]" name="CreateAchOutward" class="tests.CreateAchOutward_Test"/>
      </group> <!-- CreateACH -->
    </groups>
    <test started-at="2023-09-27T13:49:16 EEST" name="Islamic Casa Account" finished-at="2023-09-27T13:50:00 EEST" duration-ms="43655">
      <class name="tests.CreateAchOutward_Test">
        <test-method is-config="true" signature="oneTimeSetUp()[pri:0, instance:tests.CreateAchOutward_Test@73d3e555]" started-at="2023-09-27T13:49:16 EEST" name="oneTimeSetUp" finished-at="2023-09-27T13:49:16 EEST" duration-ms="80" status="PASS">
          <reporter-output>
          </reporter-output>
        </test-method> <!-- oneTimeSetUp -->
        <test-method is-config="true" signature="beforeTest([Ljava.lang.Object;)[pri:0, instance:tests.CreateAchOutward_Test@73d3e555]" started-at="2023-09-27T13:49:17 EEST" name="beforeTest" description="Initiating Browser" finished-at="2023-09-27T13:49:21 EEST" duration-ms="4583" status="PASS">
          <params>
            <param index="0">
              <value>
                <![CDATA[[Ljava.lang.Object;@6cd64ee8]]>
              </value>
            </param>
          </params>
          <reporter-output>
          </reporter-output>
        </test-method> <!-- beforeTest -->
        <test-method signature="CreateAchOutward(data.CreateAchOutwardData)[pri:0, instance:tests.CreateAchOutward_Test@73d3e555]" started-at="2023-09-27T13:49:21 EEST" name="CreateAchOutward" data-provider="Create ACH Outwrad DataProvider" finished-at="2023-09-27T13:49:53 EEST" duration-ms="31958" status="PASS">
          <params>
            <param index="0">
              <value>
                <![CDATA[CreateAchOutwardData [tcId=FCB-001, summary=Automation_Cycle1_CreateACHOutward_ByMaker, username=QA49, password=Infy@123, menu=MPOR, paysys_ID=ACH, date=27092023, amount='20000, line1=TEST, CCY=EGP, bic_ben=CIBEEGCX039, network_ben=ACH, branch_ben=null, bank_ben=null, name_ben=TEST, account_ben=132456, account='100500003298010315, expectedResult=The record is added successfully., pos=null, linkedTcid=FCB-002]]]>
              </value>
            </param>
          </params>
          <reporter-output>
          </reporter-output>
        </test-method> <!-- CreateAchOutward -->
        <test-method is-config="true" signature="after(org.testng.ITestResult)[pri:0, instance:tests.CreateAchOutward_Test@73d3e555]" started-at="2023-09-27T13:49:53 EEST" name="after" finished-at="2023-09-27T13:50:00 EEST" duration-ms="6159" status="PASS">
          <params>
            <param index="0">
              <value>
                <![CDATA[[TestResult name=CreateAchOutward status=SUCCESS method=CreateAchOutward_Test.CreateAchOutward(data.CreateAchOutwardData)[pri:0, instance:tests.CreateAchOutward_Test@73d3e555] output={null}]]]>
              </value>
            </param>
          </params>
          <reporter-output>
          </reporter-output>
        </test-method> <!-- after -->
      </class> <!-- tests.CreateAchOutward_Test -->
    </test> <!-- Islamic Casa Account -->
  </suite> <!-- Suite -->
</testng-results>
