<?xml version="1.0" encoding="UTF-8"?>
<testng-results ignored="0" total="3" passed="3" failed="0" skipped="0">
  <reporter-output>
  </reporter-output>
  <suite started-at="2023-10-09T13:15:30 EEST" name="Suite" finished-at="2023-10-09T13:17:32 EEST" duration-ms="121870">
    <groups>
      <group name="VerifyACH">
        <method signature="ABE_Verify_ACH_Outward_Test.verifyACHOutwardTest(data.VerifyACHOutwardData)[pri:0, instance:tests.ABE_Verify_ACH_Outward_Test@25d2f66]" name="verifyACHOutwardTest" class="tests.ABE_Verify_ACH_Outward_Test"/>
      </group> <!-- VerifyACH -->
      <group name="CreateACH">
        <method signature="ABE_Create_ACH_Outward_Test.CreateAchOutward(data.CreateAchOutwardData)[pri:0, instance:tests.ABE_Create_ACH_Outward_Test@2016f509]" name="CreateAchOutward" class="tests.ABE_Create_ACH_Outward_Test"/>
      </group> <!-- CreateACH -->
      <group name="AuthorizeACH">
        <method signature="ABE_Authorize_ACH_Outward_Test.authorizeACHOutward(data.AuthorizeACHOutwardData)[pri:0, instance:tests.ABE_Authorize_ACH_Outward_Test@5a2fa51f]" name="authorizeACHOutward" class="tests.ABE_Authorize_ACH_Outward_Test"/>
      </group> <!-- AuthorizeACH -->
    </groups>
    <test started-at="2023-10-09T13:15:30 EEST" name="Create ACH Outward" finished-at="2023-10-09T13:17:32 EEST" duration-ms="121870">
      <class name="tests.ABE_Create_ACH_Outward_Test">
        <test-method is-config="true" signature="oneTimeSetUp()[pri:0, instance:tests.ABE_Create_ACH_Outward_Test@2016f509]" started-at="2023-10-09T13:15:30 EEST" name="oneTimeSetUp" finished-at="2023-10-09T13:15:30 EEST" duration-ms="97" status="PASS">
          <reporter-output>
          </reporter-output>
        </test-method> <!-- oneTimeSetUp -->
        <test-method is-config="true" signature="beforeTest([Ljava.lang.Object;)[pri:0, instance:tests.ABE_Create_ACH_Outward_Test@2016f509]" started-at="2023-10-09T13:15:31 EEST" name="beforeTest" description="Initiating Browser" finished-at="2023-10-09T13:15:39 EEST" duration-ms="7836" status="PASS">
          <params>
            <param index="0">
              <value>
                <![CDATA[[Ljava.lang.Object;@762637be]]>
              </value>
            </param>
          </params>
          <reporter-output>
          </reporter-output>
        </test-method> <!-- beforeTest -->
        <test-method signature="CreateAchOutward(data.CreateAchOutwardData)[pri:0, instance:tests.ABE_Create_ACH_Outward_Test@2016f509]" started-at="2023-10-09T13:15:39 EEST" name="CreateAchOutward" data-provider="Create ACH Outwrad DataProvider" finished-at="2023-10-09T13:16:11 EEST" duration-ms="31419" status="PASS">
          <params>
            <param index="0">
              <value>
                <![CDATA[CreateAchOutwardData [tcId=FCB-001, summary=Automation_Cycle1_CreateACHOutward_ByMaker, username=QA49, password=Infy@123, menu=MPOR, paysys_ID=ACH, date=10102023, amount='1230, line1=TEST, CCY=EGP, bic_ben=CIBEEGCX039, network_ben=ACH, branch_ben=null, bank_ben=null, name_ben=TEST, account_ben=132456, account='100500003298010315, expectedResult=The record is added successfully., pos=null, linkedTcid=FCB-002]]]>
              </value>
            </param>
          </params>
          <reporter-output>
          </reporter-output>
        </test-method> <!-- CreateAchOutward -->
        <test-method is-config="true" signature="after(org.testng.ITestResult)[pri:0, instance:tests.ABE_Create_ACH_Outward_Test@2016f509]" started-at="2023-10-09T13:16:11 EEST" name="after" finished-at="2023-10-09T13:16:17 EEST" duration-ms="6180" status="PASS">
          <params>
            <param index="0">
              <value>
                <![CDATA[[TestResult name=CreateAchOutward status=SUCCESS method=ABE_Create_ACH_Outward_Test.CreateAchOutward(data.CreateAchOutwardData)[pri:0, instance:tests.ABE_Create_ACH_Outward_Test@2016f509] output={null}]]]>
              </value>
            </param>
          </params>
          <reporter-output>
          </reporter-output>
        </test-method> <!-- after -->
      </class> <!-- tests.ABE_Create_ACH_Outward_Test -->
      <class name="tests.ABE_Authorize_ACH_Outward_Test">
        <test-method is-config="true" signature="beforeTest([Ljava.lang.Object;)[pri:0, instance:tests.ABE_Authorize_ACH_Outward_Test@5a2fa51f]" started-at="2023-10-09T13:16:55 EEST" name="beforeTest" description="Initiating Browser" finished-at="2023-10-09T13:17:01 EEST" duration-ms="5914" status="PASS">
          <params>
            <param index="0">
              <value>
                <![CDATA[[Ljava.lang.Object;@7640a5b1]]>
              </value>
            </param>
          </params>
          <reporter-output>
          </reporter-output>
        </test-method> <!-- beforeTest -->
        <test-method signature="authorizeACHOutward(data.AuthorizeACHOutwardData)[pri:0, instance:tests.ABE_Authorize_ACH_Outward_Test@5a2fa51f]" started-at="2023-10-09T13:17:01 EEST" name="authorizeACHOutward" data-provider="Authorize ACH Outward DataProvider" depends-on-groups="VerifyACH" finished-at="2023-10-09T13:17:31 EEST" duration-ms="29855" status="PASS">
          <params>
            <param index="0">
              <value>
                <![CDATA[AuthorizeACHOutwardData [tcId=FCB-003, summary=Automation_Cycle1_AuthorizeACHOutward_ByChecker2, username=QA49, password=Infy@123, menu=AOPO, Pos='000000093202, expectedResult=Payment Order is successfully Approved., paysysID=ACH]]]>
              </value>
            </param>
          </params>
          <reporter-output>
          </reporter-output>
        </test-method> <!-- authorizeACHOutward -->
        <test-method is-config="true" signature="after(org.testng.ITestResult)[pri:0, instance:tests.ABE_Authorize_ACH_Outward_Test@5a2fa51f]" started-at="2023-10-09T13:17:31 EEST" name="after" finished-at="2023-10-09T13:17:32 EEST" duration-ms="1136" status="PASS">
          <params>
            <param index="0">
              <value>
                <![CDATA[[TestResult name=authorizeACHOutward status=SUCCESS method=ABE_Authorize_ACH_Outward_Test.authorizeACHOutward(data.AuthorizeACHOutwardData)[pri:0, instance:tests.ABE_Authorize_ACH_Outward_Test@5a2fa51f] output={null}]]]>
              </value>
            </param>
          </params>
          <reporter-output>
          </reporter-output>
        </test-method> <!-- after -->
      </class> <!-- tests.ABE_Authorize_ACH_Outward_Test -->
      <class name="tests.ABE_Verify_ACH_Outward_Test">
        <test-method is-config="true" signature="beforeTest([Ljava.lang.Object;)[pri:0, instance:tests.ABE_Verify_ACH_Outward_Test@25d2f66]" started-at="2023-10-09T13:16:17 EEST" name="beforeTest" description="Initiating Browser" finished-at="2023-10-09T13:16:23 EEST" duration-ms="5724" status="PASS">
          <params>
            <param index="0">
              <value>
                <![CDATA[[Ljava.lang.Object;@4b97c4ad]]>
              </value>
            </param>
          </params>
          <reporter-output>
          </reporter-output>
        </test-method> <!-- beforeTest -->
        <test-method signature="verifyACHOutwardTest(data.VerifyACHOutwardData)[pri:0, instance:tests.ABE_Verify_ACH_Outward_Test@25d2f66]" started-at="2023-10-09T13:16:23 EEST" name="verifyACHOutwardTest" data-provider="Verify ACH Outward DataProvider" depends-on-groups="CreateACH" finished-at="2023-10-09T13:16:53 EEST" duration-ms="29981" status="PASS">
          <params>
            <param index="0">
              <value>
                <![CDATA[VerifyACHOutwardData [tcId=FCB-002, summary=Automation_Cycle1_VerifyACHOutward_ByChecker, username=UBSADMIN, password=Infy@123, menu=MPOR, Pos='000000093202, expectedResult=The record is verified successfully.
]]]>
              </value>
            </param>
          </params>
          <reporter-output>
          </reporter-output>
        </test-method> <!-- verifyACHOutwardTest -->
        <test-method is-config="true" signature="after(org.testng.ITestResult)[pri:0, instance:tests.ABE_Verify_ACH_Outward_Test@25d2f66]" started-at="2023-10-09T13:16:53 EEST" name="after" finished-at="2023-10-09T13:16:55 EEST" duration-ms="2603" status="PASS">
          <params>
            <param index="0">
              <value>
                <![CDATA[[TestResult name=verifyACHOutwardTest status=SUCCESS method=ABE_Verify_ACH_Outward_Test.verifyACHOutwardTest(data.VerifyACHOutwardData)[pri:0, instance:tests.ABE_Verify_ACH_Outward_Test@25d2f66] output={null}]]]>
              </value>
            </param>
          </params>
          <reporter-output>
          </reporter-output>
        </test-method> <!-- after -->
      </class> <!-- tests.ABE_Verify_ACH_Outward_Test -->
    </test> <!-- Create ACH Outward -->
  </suite> <!-- Suite -->
</testng-results>
