<?xml version="1.0" encoding="UTF-8"?>
<testng-results ignored="0" total="3" passed="3" failed="0" skipped="0">
  <reporter-output>
  </reporter-output>
  <suite started-at="2023-09-17T14:36:11 EEST" name="Suite" finished-at="2023-09-17T14:37:31 EEST" duration-ms="79401">
    <groups>
      <group name="open">
        <method signature="ABE_OpenIslamicSavingsAccount_MudarabahSBA.openIslamicSavingsAccount(data.OpenIslamicSavingsAccountData)[pri:0, instance:tests.ABE_OpenIslamicSavingsAccount_MudarabahSBA@2b10ace9]" name="openIslamicSavingsAccount" class="tests.ABE_OpenIslamicSavingsAccount_MudarabahSBA"/>
      </group> <!-- open -->
    </groups>
    <test started-at="2023-09-17T14:36:11 EEST" name="Islamic Savings Account" finished-at="2023-09-17T14:37:31 EEST" duration-ms="79401">
      <class name="tests.ABE_OpenIslamicSavingsAccount_MudarabahSBA">
        <test-method is-config="true" signature="oneTimeSetUp()[pri:0, instance:tests.ABE_OpenIslamicSavingsAccount_MudarabahSBA@2b10ace9]" started-at="2023-09-17T14:36:11 EEST" name="oneTimeSetUp" finished-at="2023-09-17T14:36:11 EEST" duration-ms="97" status="PASS">
          <reporter-output>
          </reporter-output>
        </test-method> <!-- oneTimeSetUp -->
        <test-method is-config="true" signature="beforeTest([Ljava.lang.Object;)[pri:0, instance:tests.ABE_OpenIslamicSavingsAccount_MudarabahSBA@2b10ace9]" started-at="2023-09-17T14:36:12 EEST" name="beforeTest" description="Initiating Browser" finished-at="2023-09-17T14:36:18 EEST" duration-ms="5963" status="PASS">
          <params>
            <param index="0">
              <value>
                <![CDATA[[Ljava.lang.Object;@2b680207]]>
              </value>
            </param>
          </params>
          <reporter-output>
          </reporter-output>
        </test-method> <!-- beforeTest -->
        <test-method signature="openIslamicSavingsAccount(data.OpenIslamicSavingsAccountData)[pri:0, instance:tests.ABE_OpenIslamicSavingsAccount_MudarabahSBA@2b10ace9]" started-at="2023-09-17T14:36:18 EEST" name="openIslamicSavingsAccount" data-provider="Open Islamic Savings Account DataProvider" finished-at="2023-09-17T14:36:38 EEST" duration-ms="19611" status="PASS">
          <params>
            <param index="0">
              <value>
                <![CDATA[data.OpenIslamicSavingsAccountData@4b0d0374]]>
              </value>
            </param>
          </params>
          <reporter-output>
          </reporter-output>
        </test-method> <!-- openIslamicSavingsAccount -->
        <test-method is-config="true" signature="after(org.testng.ITestResult)[pri:0, instance:tests.ABE_OpenIslamicSavingsAccount_MudarabahSBA@2b10ace9]" started-at="2023-09-17T14:36:38 EEST" name="after" finished-at="2023-09-17T14:36:38 EEST" duration-ms="180" status="PASS">
          <params>
            <param index="0">
              <value>
                <![CDATA[[TestResult name=openIslamicSavingsAccount status=SUCCESS method=ABE_OpenIslamicSavingsAccount_MudarabahSBA.openIslamicSavingsAccount(data.OpenIslamicSavingsAccountData)[pri:0, instance:tests.ABE_OpenIslamicSavingsAccount_MudarabahSBA@2b10ace9] output={null}]]]>
              </value>
            </param>
          </params>
          <reporter-output>
          </reporter-output>
        </test-method> <!-- after -->
        <test-method is-config="true" signature="beforeTest([Ljava.lang.Object;)[pri:0, instance:tests.ABE_OpenIslamicSavingsAccount_MudarabahSBA@2b10ace9]" started-at="2023-09-17T14:36:38 EEST" name="beforeTest" description="Initiating Browser" finished-at="2023-09-17T14:36:44 EEST" duration-ms="6172" status="PASS">
          <params>
            <param index="0">
              <value>
                <![CDATA[[Ljava.lang.Object;@70887727]]>
              </value>
            </param>
          </params>
          <reporter-output>
          </reporter-output>
        </test-method> <!-- beforeTest -->
        <test-method signature="openIslamicSavingsAccount(data.OpenIslamicSavingsAccountData)[pri:0, instance:tests.ABE_OpenIslamicSavingsAccount_MudarabahSBA@2b10ace9]" started-at="2023-09-17T14:36:44 EEST" name="openIslamicSavingsAccount" data-provider="Open Islamic Savings Account DataProvider" finished-at="2023-09-17T14:37:03 EEST" duration-ms="18843" status="PASS">
          <params>
            <param index="0">
              <value>
                <![CDATA[data.OpenIslamicSavingsAccountData@715c5d4e]]>
              </value>
            </param>
          </params>
          <reporter-output>
          </reporter-output>
        </test-method> <!-- openIslamicSavingsAccount -->
        <test-method is-config="true" signature="after(org.testng.ITestResult)[pri:0, instance:tests.ABE_OpenIslamicSavingsAccount_MudarabahSBA@2b10ace9]" started-at="2023-09-17T14:37:03 EEST" name="after" finished-at="2023-09-17T14:37:03 EEST" duration-ms="162" status="PASS">
          <params>
            <param index="0">
              <value>
                <![CDATA[[TestResult name=openIslamicSavingsAccount status=SUCCESS method=ABE_OpenIslamicSavingsAccount_MudarabahSBA.openIslamicSavingsAccount(data.OpenIslamicSavingsAccountData)[pri:0, instance:tests.ABE_OpenIslamicSavingsAccount_MudarabahSBA@2b10ace9] output={null}]]]>
              </value>
            </param>
          </params>
          <reporter-output>
          </reporter-output>
        </test-method> <!-- after -->
        <test-method is-config="true" signature="beforeTest([Ljava.lang.Object;)[pri:0, instance:tests.ABE_OpenIslamicSavingsAccount_MudarabahSBA@2b10ace9]" started-at="2023-09-17T14:37:03 EEST" name="beforeTest" description="Initiating Browser" finished-at="2023-09-17T14:37:09 EEST" duration-ms="6281" status="PASS">
          <params>
            <param index="0">
              <value>
                <![CDATA[[Ljava.lang.Object;@56da7487]]>
              </value>
            </param>
          </params>
          <reporter-output>
          </reporter-output>
        </test-method> <!-- beforeTest -->
        <test-method signature="openIslamicSavingsAccount(data.OpenIslamicSavingsAccountData)[pri:0, instance:tests.ABE_OpenIslamicSavingsAccount_MudarabahSBA@2b10ace9]" started-at="2023-09-17T14:37:09 EEST" name="openIslamicSavingsAccount" data-provider="Open Islamic Savings Account DataProvider" finished-at="2023-09-17T14:37:31 EEST" duration-ms="21132" status="PASS">
          <params>
            <param index="0">
              <value>
                <![CDATA[data.OpenIslamicSavingsAccountData@4084efd3]]>
              </value>
            </param>
          </params>
          <reporter-output>
          </reporter-output>
        </test-method> <!-- openIslamicSavingsAccount -->
        <test-method is-config="true" signature="after(org.testng.ITestResult)[pri:0, instance:tests.ABE_OpenIslamicSavingsAccount_MudarabahSBA@2b10ace9]" started-at="2023-09-17T14:37:31 EEST" name="after" finished-at="2023-09-17T14:37:31 EEST" duration-ms="160" status="PASS">
          <params>
            <param index="0">
              <value>
                <![CDATA[[TestResult name=openIslamicSavingsAccount status=SUCCESS method=ABE_OpenIslamicSavingsAccount_MudarabahSBA.openIslamicSavingsAccount(data.OpenIslamicSavingsAccountData)[pri:0, instance:tests.ABE_OpenIslamicSavingsAccount_MudarabahSBA@2b10ace9] output={null}]]]>
              </value>
            </param>
          </params>
          <reporter-output>
          </reporter-output>
        </test-method> <!-- after -->
      </class> <!-- tests.ABE_OpenIslamicSavingsAccount_MudarabahSBA -->
    </test> <!-- Islamic Savings Account -->
  </suite> <!-- Suite -->
</testng-results>
