<?xml version="1.0" encoding="UTF-8"?>
<testng-results ignored="0" total="1" passed="0" failed="1" skipped="0">
  <reporter-output>
  </reporter-output>
  <suite started-at="2023-09-27T13:57:31 EEST" name="Suite" finished-at="2023-09-27T13:58:11 EEST" duration-ms="40375">
    <groups>
      <group name="open">
        <method signature="ABE_OpenTUA_TUA_Test.openTUA(data.ABE_OpenTUA_TUA_Data)[pri:0, instance:tests.ABE_OpenTUA_TUA_Test@4743a322]" name="openTUA" class="tests.ABE_OpenTUA_TUA_Test"/>
      </group> <!-- open -->
    </groups>
    <test started-at="2023-09-27T13:57:31 EEST" name="Islamic Casa Account" finished-at="2023-09-27T13:58:11 EEST" duration-ms="40375">
      <class name="tests.ABE_OpenTUA_TUA_Test">
        <test-method is-config="true" signature="oneTimeSetUp()[pri:0, instance:tests.ABE_OpenTUA_TUA_Test@4743a322]" started-at="2023-09-27T13:57:31 EEST" name="oneTimeSetUp" finished-at="2023-09-27T13:57:31 EEST" duration-ms="82" status="PASS">
          <reporter-output>
          </reporter-output>
        </test-method> <!-- oneTimeSetUp -->
        <test-method is-config="true" signature="beforeTest([Ljava.lang.Object;)[pri:0, instance:tests.ABE_OpenTUA_TUA_Test@4743a322]" started-at="2023-09-27T13:57:32 EEST" name="beforeTest" description="Initiating Browser" finished-at="2023-09-27T13:57:37 EEST" duration-ms="5100" status="PASS">
          <params>
            <param index="0">
              <value>
                <![CDATA[[Ljava.lang.Object;@4c6007fb]]>
              </value>
            </param>
          </params>
          <reporter-output>
          </reporter-output>
        </test-method> <!-- beforeTest -->
        <test-method signature="openTUA(data.ABE_OpenTUA_TUA_Data)[pri:0, instance:tests.ABE_OpenTUA_TUA_Test@4743a322]" started-at="2023-09-27T13:57:37 EEST" name="openTUA" data-provider="Open TUA DataProvider" finished-at="2023-09-27T13:58:11 EEST" duration-ms="34217" status="FAIL">
          <params>
            <param index="0">
              <value>
                <![CDATA[ABE_OpenTUA_TUA_Data [tcId=FCB-9862, summary=IslamicBanking_MudarabahTUA_Open_IslamicTUAAccount_MTD2Y_ByMaker_A1, username=QA46, password=Infy@123, menu=OITUDA, cif=6246013, schemeCode=1752, depositPeriodMonths=12, depositPeriodDays=0, initialDepositAmount=5000, profitCreditAccountId='1606624601301001, repaymentAccountId='1606624601301001, debitAccountId='1606624601301001, expectedResult=top up deposit account is created and sent for verification successfully, reference=null, linkedTcid=FCB-9863]]]>
              </value>
            </param>
          </params>
          <exception class="java.lang.AssertionError">
            <full-stacktrace>
              <![CDATA[java.lang.AssertionError: 
at org.testng.AssertJUnit.fail(AssertJUnit.java:65)
at org.testng.AssertJUnit.assertTrue(AssertJUnit.java:23)
at org.testng.AssertJUnit.assertTrue(AssertJUnit.java:33)
at utils.AssertionFactory.checkExpectedResult(AssertionFactory.java:8)
at tests.ABE_OpenTUA_TUA_Test.openTUA(ABE_OpenTUA_TUA_Test.java:68)
at java.base/jdk.internal.reflect.NativeMethodAccessorImpl.invoke0(Native Method)
at java.base/jdk.internal.reflect.NativeMethodAccessorImpl.invoke(NativeMethodAccessorImpl.java:77)
at java.base/jdk.internal.reflect.DelegatingMethodAccessorImpl.invoke(DelegatingMethodAccessorImpl.java:43)
at java.base/java.lang.reflect.Method.invoke(Method.java:568)
at org.testng.internal.invokers.MethodInvocationHelper.invokeMethod(MethodInvocationHelper.java:139)
at org.testng.internal.invokers.TestInvoker.invokeMethod(TestInvoker.java:664)
at org.testng.internal.invokers.TestInvoker.invokeTestMethod(TestInvoker.java:227)
at org.testng.internal.invokers.MethodRunner.runInSequence(MethodRunner.java:50)
at org.testng.internal.invokers.TestInvoker$MethodInvocationAgent.invoke(TestInvoker.java:957)
at org.testng.internal.invokers.TestInvoker.invokeTestMethods(TestInvoker.java:200)
at org.testng.internal.invokers.TestMethodWorker.invokeTestMethods(TestMethodWorker.java:148)
at org.testng.internal.invokers.TestMethodWorker.run(TestMethodWorker.java:128)
at java.base/java.util.concurrent.ThreadPoolExecutor.runWorker(ThreadPoolExecutor.java:1136)
at java.base/java.util.concurrent.ThreadPoolExecutor$Worker.run(ThreadPoolExecutor.java:635)
at java.base/java.lang.Thread.run(Thread.java:833)
]]>
            </full-stacktrace>
          </exception> <!-- java.lang.AssertionError -->
          <reporter-output>
          </reporter-output>
        </test-method> <!-- openTUA -->
        <test-method is-config="true" signature="after(org.testng.ITestResult)[pri:0, instance:tests.ABE_OpenTUA_TUA_Test@4743a322]" started-at="2023-09-27T13:58:11 EEST" name="after" finished-at="2023-09-27T13:58:11 EEST" duration-ms="166" status="PASS">
          <params>
            <param index="0">
              <value>
                <![CDATA[[TestResult name=openTUA status=FAILURE method=ABE_OpenTUA_TUA_Test.openTUA(data.ABE_OpenTUA_TUA_Data)[pri:0, instance:tests.ABE_OpenTUA_TUA_Test@4743a322] output={null}]]]>
              </value>
            </param>
          </params>
          <reporter-output>
          </reporter-output>
        </test-method> <!-- after -->
      </class> <!-- tests.ABE_OpenTUA_TUA_Test -->
    </test> <!-- Islamic Casa Account -->
  </suite> <!-- Suite -->
</testng-results>
