<?xml version="1.0" encoding="UTF-8"?>
<testng-results ignored="0" total="3" passed="3" failed="0" skipped="0">
  <reporter-output>
  </reporter-output>
  <suite started-at="2023-09-14T13:03:49 EEST" name="Suite" finished-at="2023-09-14T13:05:38 EEST" duration-ms="108943">
    <groups>
      <group name="open">
        <method signature="ABE_OpenIslamicSavingsAccount_MudarabahSBA.test(data.OpenIslamicSavingsAccountData)[pri:0, instance:tests.ABE_OpenIslamicSavingsAccount_MudarabahSBA@64b3b1ce]" name="test" class="tests.ABE_OpenIslamicSavingsAccount_MudarabahSBA"/>
      </group> <!-- open -->
    </groups>
    <test started-at="2023-09-14T13:03:49 EEST" name="Islamic Savings Account" finished-at="2023-09-14T13:05:38 EEST" duration-ms="108943">
      <class name="tests.ABE_OpenIslamicSavingsAccount_MudarabahSBA">
        <test-method is-config="true" signature="oneTimeSetUp()[pri:0, instance:tests.ABE_OpenIslamicSavingsAccount_MudarabahSBA@64b3b1ce]" started-at="2023-09-14T13:03:49 EEST" name="oneTimeSetUp" finished-at="2023-09-14T13:03:49 EEST" duration-ms="92" status="PASS">
          <reporter-output>
          </reporter-output>
        </test-method> <!-- oneTimeSetUp -->
        <test-method is-config="true" signature="beforeTest([Ljava.lang.Object;)[pri:0, instance:tests.ABE_OpenIslamicSavingsAccount_MudarabahSBA@64b3b1ce]" started-at="2023-09-14T13:03:50 EEST" name="beforeTest" description="Initiating Browser" finished-at="2023-09-14T13:03:56 EEST" duration-ms="6096" status="PASS">
          <params>
            <param index="0">
              <value>
                <![CDATA[[Ljava.lang.Object;@6b350309]]>
              </value>
            </param>
          </params>
          <reporter-output>
          </reporter-output>
        </test-method> <!-- beforeTest -->
        <test-method signature="test(data.OpenIslamicSavingsAccountData)[pri:0, instance:tests.ABE_OpenIslamicSavingsAccount_MudarabahSBA@64b3b1ce]" started-at="2023-09-14T13:03:56 EEST" name="test" data-provider="Open Islamic Savings Account DataProvider" finished-at="2023-09-14T13:04:26 EEST" duration-ms="29952" status="PASS">
          <params>
            <param index="0">
              <value>
                <![CDATA[data.OpenIslamicSavingsAccountData@6fc76763]]>
              </value>
            </param>
          </params>
          <reporter-output>
          </reporter-output>
        </test-method> <!-- test -->
        <test-method is-config="true" signature="after(org.testng.ITestResult)[pri:0, instance:tests.ABE_OpenIslamicSavingsAccount_MudarabahSBA@64b3b1ce]" started-at="2023-09-14T13:04:26 EEST" name="after" finished-at="2023-09-14T13:04:26 EEST" duration-ms="178" status="PASS">
          <params>
            <param index="0">
              <value>
                <![CDATA[[TestResult name=test status=SUCCESS method=ABE_OpenIslamicSavingsAccount_MudarabahSBA.test(data.OpenIslamicSavingsAccountData)[pri:0, instance:tests.ABE_OpenIslamicSavingsAccount_MudarabahSBA@64b3b1ce] output={null}]]]>
              </value>
            </param>
          </params>
          <reporter-output>
          </reporter-output>
        </test-method> <!-- after -->
        <test-method is-config="true" signature="beforeTest([Ljava.lang.Object;)[pri:0, instance:tests.ABE_OpenIslamicSavingsAccount_MudarabahSBA@64b3b1ce]" started-at="2023-09-14T13:04:26 EEST" name="beforeTest" description="Initiating Browser" finished-at="2023-09-14T13:04:32 EEST" duration-ms="5695" status="PASS">
          <params>
            <param index="0">
              <value>
                <![CDATA[[Ljava.lang.Object;@7ecec90d]]>
              </value>
            </param>
          </params>
          <reporter-output>
          </reporter-output>
        </test-method> <!-- beforeTest -->
        <test-method signature="test(data.OpenIslamicSavingsAccountData)[pri:0, instance:tests.ABE_OpenIslamicSavingsAccount_MudarabahSBA@64b3b1ce]" started-at="2023-09-14T13:04:32 EEST" name="test" data-provider="Open Islamic Savings Account DataProvider" finished-at="2023-09-14T13:05:02 EEST" duration-ms="30091" status="PASS">
          <params>
            <param index="0">
              <value>
                <![CDATA[data.OpenIslamicSavingsAccountData@66678a3a]]>
              </value>
            </param>
          </params>
          <reporter-output>
          </reporter-output>
        </test-method> <!-- test -->
        <test-method is-config="true" signature="after(org.testng.ITestResult)[pri:0, instance:tests.ABE_OpenIslamicSavingsAccount_MudarabahSBA@64b3b1ce]" started-at="2023-09-14T13:05:02 EEST" name="after" finished-at="2023-09-14T13:05:02 EEST" duration-ms="181" status="PASS">
          <params>
            <param index="0">
              <value>
                <![CDATA[[TestResult name=test status=SUCCESS method=ABE_OpenIslamicSavingsAccount_MudarabahSBA.test(data.OpenIslamicSavingsAccountData)[pri:0, instance:tests.ABE_OpenIslamicSavingsAccount_MudarabahSBA@64b3b1ce] output={null}]]]>
              </value>
            </param>
          </params>
          <reporter-output>
          </reporter-output>
        </test-method> <!-- after -->
        <test-method is-config="true" signature="beforeTest([Ljava.lang.Object;)[pri:0, instance:tests.ABE_OpenIslamicSavingsAccount_MudarabahSBA@64b3b1ce]" started-at="2023-09-14T13:05:02 EEST" name="beforeTest" description="Initiating Browser" finished-at="2023-09-14T13:05:07 EEST" duration-ms="5430" status="PASS">
          <params>
            <param index="0">
              <value>
                <![CDATA[[Ljava.lang.Object;@588f63c]]>
              </value>
            </param>
          </params>
          <reporter-output>
          </reporter-output>
        </test-method> <!-- beforeTest -->
        <test-method signature="test(data.OpenIslamicSavingsAccountData)[pri:0, instance:tests.ABE_OpenIslamicSavingsAccount_MudarabahSBA@64b3b1ce]" started-at="2023-09-14T13:05:07 EEST" name="test" data-provider="Open Islamic Savings Account DataProvider" finished-at="2023-09-14T13:05:37 EEST" duration-ms="30097" status="PASS">
          <params>
            <param index="0">
              <value>
                <![CDATA[data.OpenIslamicSavingsAccountData@79a24d24]]>
              </value>
            </param>
          </params>
          <reporter-output>
          </reporter-output>
        </test-method> <!-- test -->
        <test-method is-config="true" signature="after(org.testng.ITestResult)[pri:0, instance:tests.ABE_OpenIslamicSavingsAccount_MudarabahSBA@64b3b1ce]" started-at="2023-09-14T13:05:38 EEST" name="after" finished-at="2023-09-14T13:05:38 EEST" duration-ms="164" status="PASS">
          <params>
            <param index="0">
              <value>
                <![CDATA[[TestResult name=test status=SUCCESS method=ABE_OpenIslamicSavingsAccount_MudarabahSBA.test(data.OpenIslamicSavingsAccountData)[pri:0, instance:tests.ABE_OpenIslamicSavingsAccount_MudarabahSBA@64b3b1ce] output={null}]]]>
              </value>
            </param>
          </params>
          <reporter-output>
          </reporter-output>
        </test-method> <!-- after -->
      </class> <!-- tests.ABE_OpenIslamicSavingsAccount_MudarabahSBA -->
    </test> <!-- Islamic Savings Account -->
  </suite> <!-- Suite -->
</testng-results>
