<?xml version="1.0" encoding="UTF-8"?>
<testng-results ignored="0" total="2" passed="2" failed="0" skipped="0">
  <reporter-output>
  </reporter-output>
  <suite started-at="2023-09-17T16:11:04 EEST" name="Suite" finished-at="2023-09-17T16:11:54 EEST" duration-ms="50009">
    <groups>
      <group name="open">
        <method signature="ABE_OpenIslamicSavingsAccount_MudarabahSBA.openIslamicSavingsAccount(data.OpenIslamicSavingsAccountData)[pri:0, instance:tests.ABE_OpenIslamicSavingsAccount_MudarabahSBA@67efd2c2]" name="openIslamicSavingsAccount" class="tests.ABE_OpenIslamicSavingsAccount_MudarabahSBA"/>
      </group> <!-- open -->
    </groups>
    <test started-at="2023-09-17T16:11:04 EEST" name="Islamic Savings Account" finished-at="2023-09-17T16:11:54 EEST" duration-ms="50009">
      <class name="tests.ABE_OpenIslamicSavingsAccount_MudarabahSBA">
        <test-method is-config="true" signature="oneTimeSetUp()[pri:0, instance:tests.ABE_OpenIslamicSavingsAccount_MudarabahSBA@67efd2c2]" started-at="2023-09-17T16:11:04 EEST" name="oneTimeSetUp" finished-at="2023-09-17T16:11:04 EEST" duration-ms="83" status="PASS">
          <reporter-output>
          </reporter-output>
        </test-method> <!-- oneTimeSetUp -->
        <test-method is-config="true" signature="beforeTest([Ljava.lang.Object;)[pri:0, instance:tests.ABE_OpenIslamicSavingsAccount_MudarabahSBA@67efd2c2]" started-at="2023-09-17T16:11:05 EEST" name="beforeTest" description="Initiating Browser" finished-at="2023-09-17T16:11:10 EEST" duration-ms="5268" status="PASS">
          <params>
            <param index="0">
              <value>
                <![CDATA[[Ljava.lang.Object;@434514d8]]>
              </value>
            </param>
          </params>
          <reporter-output>
          </reporter-output>
        </test-method> <!-- beforeTest -->
        <test-method signature="openIslamicSavingsAccount(data.OpenIslamicSavingsAccountData)[pri:0, instance:tests.ABE_OpenIslamicSavingsAccount_MudarabahSBA@67efd2c2]" started-at="2023-09-17T16:11:10 EEST" name="openIslamicSavingsAccount" data-provider="Open Islamic Savings Account DataProvider" finished-at="2023-09-17T16:11:29 EEST" duration-ms="18698" status="PASS">
          <params>
            <param index="0">
              <value>
                <![CDATA[data.OpenIslamicSavingsAccountData@506deb24]]>
              </value>
            </param>
          </params>
          <reporter-output>
          </reporter-output>
        </test-method> <!-- openIslamicSavingsAccount -->
        <test-method is-config="true" signature="after(org.testng.ITestResult)[pri:0, instance:tests.ABE_OpenIslamicSavingsAccount_MudarabahSBA@67efd2c2]" started-at="2023-09-17T16:11:29 EEST" name="after" finished-at="2023-09-17T16:11:29 EEST" duration-ms="178" status="PASS">
          <params>
            <param index="0">
              <value>
                <![CDATA[[TestResult name=openIslamicSavingsAccount status=SUCCESS method=ABE_OpenIslamicSavingsAccount_MudarabahSBA.openIslamicSavingsAccount(data.OpenIslamicSavingsAccountData)[pri:0, instance:tests.ABE_OpenIslamicSavingsAccount_MudarabahSBA@67efd2c2] output={null}]]]>
              </value>
            </param>
          </params>
          <reporter-output>
          </reporter-output>
        </test-method> <!-- after -->
        <test-method is-config="true" signature="beforeTest([Ljava.lang.Object;)[pri:0, instance:tests.ABE_OpenIslamicSavingsAccount_MudarabahSBA@67efd2c2]" started-at="2023-09-17T16:11:29 EEST" name="beforeTest" description="Initiating Browser" finished-at="2023-09-17T16:11:34 EEST" duration-ms="5254" status="PASS">
          <params>
            <param index="0">
              <value>
                <![CDATA[[Ljava.lang.Object;@6b1dc20f]]>
              </value>
            </param>
          </params>
          <reporter-output>
          </reporter-output>
        </test-method> <!-- beforeTest -->
        <test-method signature="openIslamicSavingsAccount(data.OpenIslamicSavingsAccountData)[pri:0, instance:tests.ABE_OpenIslamicSavingsAccount_MudarabahSBA@67efd2c2]" started-at="2023-09-17T16:11:34 EEST" name="openIslamicSavingsAccount" data-provider="Open Islamic Savings Account DataProvider" finished-at="2023-09-17T16:11:54 EEST" duration-ms="19500" status="PASS">
          <params>
            <param index="0">
              <value>
                <![CDATA[data.OpenIslamicSavingsAccountData@5469dfd9]]>
              </value>
            </param>
          </params>
          <reporter-output>
          </reporter-output>
        </test-method> <!-- openIslamicSavingsAccount -->
        <test-method is-config="true" signature="after(org.testng.ITestResult)[pri:0, instance:tests.ABE_OpenIslamicSavingsAccount_MudarabahSBA@67efd2c2]" started-at="2023-09-17T16:11:54 EEST" name="after" finished-at="2023-09-17T16:11:54 EEST" duration-ms="171" status="PASS">
          <params>
            <param index="0">
              <value>
                <![CDATA[[TestResult name=openIslamicSavingsAccount status=SUCCESS method=ABE_OpenIslamicSavingsAccount_MudarabahSBA.openIslamicSavingsAccount(data.OpenIslamicSavingsAccountData)[pri:0, instance:tests.ABE_OpenIslamicSavingsAccount_MudarabahSBA@67efd2c2] output={null}]]]>
              </value>
            </param>
          </params>
          <reporter-output>
          </reporter-output>
        </test-method> <!-- after -->
      </class> <!-- tests.ABE_OpenIslamicSavingsAccount_MudarabahSBA -->
    </test> <!-- Islamic Savings Account -->
  </suite> <!-- Suite -->
</testng-results>
