<?xml version="1.0" encoding="UTF-8"?>
<testng-results ignored="0" total="2" passed="2" failed="0" skipped="0">
  <reporter-output>
  </reporter-output>
  <suite started-at="2023-09-17T10:10:04 EEST" name="Suite" finished-at="2023-09-17T10:11:06 EEST" duration-ms="61136">
    <groups>
      <group name="verify">
        <method signature="ABE_VerifyIslamicSavingsAccount_MudarabahSBA.test(data.VerifyIslamicSavingsAccountData)[pri:0, instance:tests.ABE_VerifyIslamicSavingsAccount_MudarabahSBA@31a3f4de]" name="test" class="tests.ABE_VerifyIslamicSavingsAccount_MudarabahSBA"/>
      </group> <!-- verify -->
      <group name="open">
        <method signature="ABE_OpenIslamicSavingsAccount_MudarabahSBA.test(data.OpenIslamicSavingsAccountData)[pri:0, instance:tests.ABE_OpenIslamicSavingsAccount_MudarabahSBA@2ba5aa7a]" name="test" class="tests.ABE_OpenIslamicSavingsAccount_MudarabahSBA"/>
      </group> <!-- open -->
    </groups>
    <test started-at="2023-09-17T10:10:04 EEST" name="Islamic Savings Account" finished-at="2023-09-17T10:11:06 EEST" duration-ms="61136">
      <class name="tests.ABE_OpenIslamicSavingsAccount_MudarabahSBA">
        <test-method is-config="true" signature="oneTimeSetUp()[pri:0, instance:tests.ABE_OpenIslamicSavingsAccount_MudarabahSBA@2ba5aa7a]" started-at="2023-09-17T10:10:04 EEST" name="oneTimeSetUp" finished-at="2023-09-17T10:10:05 EEST" duration-ms="78" status="PASS">
          <reporter-output>
          </reporter-output>
        </test-method> <!-- oneTimeSetUp -->
        <test-method is-config="true" signature="beforeTest([Ljava.lang.Object;)[pri:0, instance:tests.ABE_OpenIslamicSavingsAccount_MudarabahSBA@2ba5aa7a]" started-at="2023-09-17T10:10:05 EEST" name="beforeTest" description="Initiating Browser" finished-at="2023-09-17T10:10:11 EEST" duration-ms="5582" status="PASS">
          <params>
            <param index="0">
              <value>
                <![CDATA[[Ljava.lang.Object;@50fb33a]]>
              </value>
            </param>
          </params>
          <reporter-output>
          </reporter-output>
        </test-method> <!-- beforeTest -->
        <test-method signature="test(data.OpenIslamicSavingsAccountData)[pri:0, instance:tests.ABE_OpenIslamicSavingsAccount_MudarabahSBA@2ba5aa7a]" started-at="2023-09-17T10:10:11 EEST" name="test" data-provider="Open Islamic Savings Account DataProvider" finished-at="2023-09-17T10:10:33 EEST" duration-ms="22449" status="PASS">
          <params>
            <param index="0">
              <value>
                <![CDATA[data.OpenIslamicSavingsAccountData@6c7ad229]]>
              </value>
            </param>
          </params>
          <reporter-output>
          </reporter-output>
        </test-method> <!-- test -->
        <test-method is-config="true" signature="after(org.testng.ITestResult)[pri:0, instance:tests.ABE_OpenIslamicSavingsAccount_MudarabahSBA@2ba5aa7a]" started-at="2023-09-17T10:10:33 EEST" name="after" finished-at="2023-09-17T10:10:34 EEST" duration-ms="165" status="PASS">
          <params>
            <param index="0">
              <value>
                <![CDATA[[TestResult name=test status=SUCCESS method=ABE_OpenIslamicSavingsAccount_MudarabahSBA.test(data.OpenIslamicSavingsAccountData)[pri:0, instance:tests.ABE_OpenIslamicSavingsAccount_MudarabahSBA@2ba5aa7a] output={null}]]]>
              </value>
            </param>
          </params>
          <reporter-output>
          </reporter-output>
        </test-method> <!-- after -->
      </class> <!-- tests.ABE_OpenIslamicSavingsAccount_MudarabahSBA -->
      <class name="tests.ABE_VerifyIslamicSavingsAccount_MudarabahSBA">
        <test-method is-config="true" signature="beforeTest([Ljava.lang.Object;)[pri:0, instance:tests.ABE_VerifyIslamicSavingsAccount_MudarabahSBA@31a3f4de]" started-at="2023-09-17T10:10:34 EEST" name="beforeTest" description="Initiating Browser" finished-at="2023-09-17T10:10:39 EEST" duration-ms="5722" status="PASS">
          <params>
            <param index="0">
              <value>
                <![CDATA[[Ljava.lang.Object;@2cae9b8]]>
              </value>
            </param>
          </params>
          <reporter-output>
          </reporter-output>
        </test-method> <!-- beforeTest -->
        <test-method signature="test(data.VerifyIslamicSavingsAccountData)[pri:0, instance:tests.ABE_VerifyIslamicSavingsAccount_MudarabahSBA@31a3f4de]" started-at="2023-09-17T10:10:39 EEST" name="test" data-provider="Verify Islamic Savings Account DataProvider" depends-on-groups="open" finished-at="2023-09-17T10:11:04 EEST" duration-ms="25029" status="PASS">
          <params>
            <param index="0">
              <value>
                <![CDATA[data.VerifyIslamicSavingsAccountData@354eb642]]>
              </value>
            </param>
          </params>
          <reporter-output>
          </reporter-output>
        </test-method> <!-- test -->
        <test-method is-config="true" signature="after(org.testng.ITestResult)[pri:0, instance:tests.ABE_VerifyIslamicSavingsAccount_MudarabahSBA@31a3f4de]" started-at="2023-09-17T10:11:04 EEST" name="after" finished-at="2023-09-17T10:11:06 EEST" duration-ms="1220" status="PASS">
          <params>
            <param index="0">
              <value>
                <![CDATA[[TestResult name=test status=SUCCESS method=ABE_VerifyIslamicSavingsAccount_MudarabahSBA.test(data.VerifyIslamicSavingsAccountData)[pri:0, instance:tests.ABE_VerifyIslamicSavingsAccount_MudarabahSBA@31a3f4de] output={null}]]]>
              </value>
            </param>
          </params>
          <reporter-output>
          </reporter-output>
        </test-method> <!-- after -->
      </class> <!-- tests.ABE_VerifyIslamicSavingsAccount_MudarabahSBA -->
    </test> <!-- Islamic Savings Account -->
  </suite> <!-- Suite -->
</testng-results>
